IQ-TREE version 3.0.0 for Linux x86 64-bit built Apr  6 2025
Developed by Bui Quang Minh, Thomas Wong, Nhan Ly-Trong, Huaiyan Ren
Contributed by Lam-Tung Nguyen, Dominik Schrempf, Chris Bielow,
Olga Chernomor, Michael Woodhams, Diep Thi Hoang, Heiko Schmidt

Host:    Hiroaki (AVX2, FMA3, 15 GB RAM)
Command: ../../iqtree3ForkBuild/build/iqtree3 -s Khalturin2022.WoGaps.Subsampled.fasta -m MIX+MFP -mset LG,GTR20 -mrate-twice 1 -B 1000 -bnni -alrt 1000 -T AUTO --redo
Seed:    717436 (Using SPRNG - Scalable Parallel Random Number Generator)
Time:    Sun Apr  6 14:17:57 2025
Kernel:  AVX+FMA - auto-detect threads (8 CPU cores detected)

Reading alignment file Khalturin2022.WoGaps.Subsampled.fasta ... Fasta format detected
Reading fasta file: done in 0.000532108 secs
Alignment most likely contains protein sequences
Constructing alignment: done in 4.7666e-05 secs using 98.6% CPU
Alignment has 30 sequences with 50 columns, 48 distinct patterns
36 parsimony-informative, 10 singleton sites, 4 constant sites
     Gap/Ambiguity  Composition  p-value
Analyzing sequences: done in 2.1568e-05 secs using 92.73% CPU
   1  sym    0.00%    passed     89.45%
   2  cte    0.00%    passed     87.46%
   3  ne2    0.00%    passed     92.56%
   4  bmo    0.00%    passed     89.25%
   5  pfu    0.00%    passed     91.87%
   6  cgi    0.00%    passed     45.41%
   7  csp    0.00%    passed     68.50%
   8  lox    0.00%    passed     80.71%
   9  miz    0.00%    passed     32.29%
  10  bar    0.00%    passed     26.12%
  11  lmi    0.00%    failed      1.55%
  12  tca    0.00%    passed     83.62%
  13  nve    0.00%    passed     94.78%
  14  not    0.00%    passed     97.65%
  15  lan    0.00%    passed     98.22%
  16  lgi    0.00%    passed     99.41%
  17  mvi    0.00%    passed     87.48%
  18  lun    0.00%    passed     98.22%
  19  mgr    0.00%    passed     96.25%
  20  ped    0.00%    passed     96.58%
  21  flu    0.00%    passed     93.07%
  22  bne    0.00%    passed     64.33%
  23  nvi    0.00%    passed     87.61%
  24  dme    0.00%    passed     55.92%
  25  dbe    0.00%    passed     91.73%
  26  bst    0.00%    passed     95.73%
  27  dpu    0.00%    passed     80.95%
  28  obi    0.00%    passed     72.42%
  29  mme    0.00%    passed     87.23%
  30  pho    0.00%    passed     99.29%
****  TOTAL    0.00%  1 sequences failed composition chi2 test (p-value<5%; df=19)
NOTE: lun is identical to lan but kept for subsequent analysis
Checking for duplicate sequences: done in 0.00159593 secs using 654% CPU
--------------------------------------------------------------------
|                Optimizing Q-mixture model                        |
--------------------------------------------------------------------


Create initial parsimony tree by phylogenetic likelihood library (PLL)... 0.007 seconds
Measuring multi-threading efficiency up to 8 CPU cores
Increase to 10 rounds for branch lengths
260 trees examined
Threads: 1 / Time: 8.038 sec / Speedup: 1.000 / Efficiency: 100% / LogL: -2099
Threads: 2 / Time: 6.758 sec / Speedup: 1.189 / Efficiency: 59% / LogL: -2099
Threads: 3 / Time: 8.956 sec / Speedup: 0.897 / Efficiency: 30% / LogL: -2099
Determining AUTO threadcount: done in 23.754 secs using 200.2% CPU
BEST NUMBER OF THREADS: 2

Perform fast likelihood tree search using LG+I+G model...
Estimate model parameters (epsilon = 5.000)
Perform nearest neighbor interchange...
Optimizing NNI: done in 0.170224 secs using 198.9% CPU
Estimate model parameters (epsilon = 1.000)
1. Initial log-likelihood: -1868.590
Optimal log-likelihood: -1868.466
Proportion of invariable sites: 0.007
Gamma shape alpha: 1.028
Parameters optimization took 1 rounds (0.032 sec)
Time for fast ML tree search: 0.353 seconds

NOTE: ModelFinder requires 3 MB RAM!
ModelFinder will test up to 88 protein models (sample size: 50 epsilon: 0.100) ...
 No. Model         -LnL         df  AIC          AICc         BIC
  1  LG+FQ         1955.879     57  4025.758     10637.758    4134.744
  2  LG+FQ+I       1948.561     58  4013.121     10857.121    4124.019
  3  LG+FQ+G4      1886.016     58  3888.032     10732.032    3998.929
  4  LG+FQ+I+G4    1886.065     59  3890.130     10970.130    4002.939
  5  LG+FQ+R2      1896.314     59  3910.628     10990.628    4023.437
  6  LG+FQ+R3      1882.892     61  3887.784     11451.784    4004.417
  7  LG+FQ+R4      1882.625     63  3891.250     11955.250    4011.708
 14  LG+FQ+I+R2    1894.668     60  3909.336     11229.336    4024.057
 15  LG+FQ+I+R3    1882.775     62  3889.551     11701.551    4008.096
 16  LG+FQ+I+R4    1882.556     64  3893.111     12213.111    4015.481
 25  LG+FO+G4      1855.037     77  3864.074     15876.074    4011.299
 26  LG+FO+I+G4    1855.057     78  3866.114     16190.114    4015.251
 28  LG+FO+R3      1851.749     80  3863.497     16823.497    4016.459
 37  LG+FO+I+R3    1851.663     81  3865.326     17149.326    4020.200
WARNING: GTR20 model will estimate 189 substitution rates that might be overfitting!
WARNING: Please only use GTR20 with very large data and always test for model fit!
 47  GTR20+FQ+G4   1774.970     247 4043.941     126555.941   4516.211
WARNING: GTR20 model will estimate 189 substitution rates that might be overfitting!
WARNING: Please only use GTR20 with very large data and always test for model fit!
 48  GTR20+FQ+I+G4 1774.257     248 4044.514     127548.514   4518.696
WARNING: GTR20 model will estimate 189 substitution rates that might be overfitting!
WARNING: Please only use GTR20 with very large data and always test for model fit!
 50  GTR20+FQ+R3   1770.083     250 4040.166     129540.166   4518.172
WARNING: GTR20 model will estimate 189 substitution rates that might be overfitting!
WARNING: Please only use GTR20 with very large data and always test for model fit!
 59  GTR20+FQ+I+R3 1770.052     251 4042.103     130546.103   4522.021
WARNING: GTR20 model will estimate 189 substitution rates that might be overfitting!
WARNING: Please only use GTR20 with very large data and always test for model fit!
 69  GTR20+FO+G4   1748.749     266 4029.497     146073.497   4538.096
WARNING: GTR20 model will estimate 189 substitution rates that might be overfitting!
WARNING: Please only use GTR20 with very large data and always test for model fit!
 70  GTR20+FO+I+G4 1748.747     267 4031.494     147143.494   4542.005
WARNING: GTR20 model will estimate 189 substitution rates that might be overfitting!
WARNING: Please only use GTR20 with very large data and always test for model fit!
 72  GTR20+FO+R3   1745.582     269 4029.164     149289.164   4543.498
WARNING: GTR20 model will estimate 189 substitution rates that might be overfitting!
WARNING: Please only use GTR20 with very large data and always test for model fit!
 81  GTR20+FO+I+R3 1745.563     270 4031.126     150371.126   4547.373
Akaike Information Criterion:           LG+FO+R3
Corrected Akaike Information Criterion: LG+FQ
Bayesian Information Criterion:         LG+FQ+G4
Best-fit model: LG+FQ+G4 chosen according to BIC

All model information printed to Khalturin2022.WoGaps.Subsampled.fasta.model.gz
CPU time for ModelFinder: 201.179 seconds (0h:3m:21s)
Wall-clock time for ModelFinder: 100.963 seconds (0h:1m:40s)

Model: LG+FQ+G4; df: 58; loglike: -1886.016; BIC score: 3998.929

Keep adding an additional class until there is no better BIC value

NOTE: MixtureFinder 2-class models requires 3 MB RAM!
ModelFinder will test up to 4 protein models (sample size: 50 epsilon: 0.100) ...
 No. Model         -LnL         df  AIC          AICc         BIC
  1  MIX{LG+FQ,LG+FQ}+G4 1886.017     59  3890.034     10970.034    4002.843
  2  MIX{LG+FQ,LG+FO}+G4 1851.385     78  3858.770     16182.770    4007.907
WARNING: GTR20 model will estimate 189 substitution rates that might be overfitting!
WARNING: Please only use GTR20 with very large data and always test for model fit!
  3  MIX{LG+FQ,GTR20+FQ}+G4 1801.379     248 4098.758     127602.758   4572.939
WARNING: GTR20 model will estimate 189 substitution rates that might be overfitting!
WARNING: Please only use GTR20 with very large data and always test for model fit!
  4  MIX{LG+FQ,GTR20+FO}+G4 1791.775     267 4117.549     147229.549   4628.059
Best-fit model: MIX{LG+FQ,LG+FQ}+G4 chosen according to BIC

All model information printed to Khalturin2022.WoGaps.Subsampled.fasta.model.gz
CPU time for MixtureFinder 2-class models: 309.719 seconds (0h:5m:9s)
Wall-clock time for MixtureFinder 2-class models: 155.481 seconds (0h:2m:35s)

Model: MIX{LG+FQ,LG+FQ}+G4; df: 59; loglike: -1886.017; BIC score: 4002.843;

The optimal RHAS models with 1-class substitution models have already been estimated.

-------------------------------------------------------
  Best-fit Q-Mixture model: LG+FQ+G4
-------------------------------------------------------
Generating 1000 samples for ultrafast bootstrap (seed: 717436)...

NOTE: 1 MB RAM (0 GB) is required!
Estimate model parameters (epsilon = 0.100)
1. Initial log-likelihood: -1894.385
2. Current log-likelihood: -1886.132
Optimal log-likelihood: -1886.018
Gamma shape alpha: 1.104
Parameters optimization took 2 rounds (0.046 sec)
Wrote distance file to... 
Computing ML distances based on estimated model parameters...
Calculating distance matrix: done in 0.0597572 secs using 198.7% CPU
Computing ML distances took 0.060732 sec (of wall-clock time) 0.119445 sec (of CPU time)
Setting up auxiliary I and S matrices: done in 0.000340635 secs using 126.8% CPU
Constructing RapidNJ tree: done in 0.00938379 secs using 47.21% CPU
Computing RapidNJ tree took 0.010555 sec (of wall-clock time) 0.005000 sec (of CPU time)
Log-likelihood of RapidNJ tree: -1902.545
--------------------------------------------------------------------
|             INITIALIZING CANDIDATE TREE SET                      |
--------------------------------------------------------------------
Generating 98 parsimony trees... 0.322 second
Computing log-likelihood of 98 initial trees ... 0.594 seconds
Current best score: -1884.840

Do NNI search on 20 best initial trees
Optimizing NNI: done in 0.0930435 secs using 200.1% CPU
Estimate model parameters (epsilon = 0.100)
BETTER TREE FOUND at iteration 1: -1882.416
Optimizing NNI: done in 0.148662 secs using 204.4% CPU
Estimate model parameters (epsilon = 0.100)
BETTER TREE FOUND at iteration 2: -1877.055
Optimizing NNI: done in 0.0407622 secs using 201.6% CPU
Optimizing NNI: done in 0.127857 secs using 205.2% CPU
Optimizing NNI: done in 0.121316 secs using 194.1% CPU
Optimizing NNI: done in 0.11244 secs using 209.7% CPU
Optimizing NNI: done in 0.0569184 secs using 190.6% CPU
Optimizing NNI: done in 0.0854041 secs using 173% CPU
Optimizing NNI: done in 0.0313121 secs using 231% CPU
Optimizing NNI: done in 0.145558 secs using 199% CPU
Iteration 10 / LogL: -1884.586 / Time: 0h:4m:18s
Optimizing NNI: done in 0.141327 secs using 200.5% CPU
Optimizing NNI: done in 0.131377 secs using 201.8% CPU
Optimizing NNI: done in 0.125591 secs using 206.5% CPU
Optimizing NNI: done in 0.114304 secs using 181.6% CPU
Optimizing NNI: done in 0.127251 secs using 196.7% CPU
Optimizing NNI: done in 0.0664579 secs using 192.6% CPU
Optimizing NNI: done in 0.267771 secs using 199.5% CPU
Estimate model parameters (epsilon = 0.100)
BETTER TREE FOUND at iteration 17: -1874.591
Optimizing NNI: done in 0.091128 secs using 201.1% CPU
Optimizing NNI: done in 0.0664651 secs using 207.8% CPU
Optimizing NNI: done in 0.0870634 secs using 205.8% CPU
Iteration 20 / LogL: -1891.802 / Time: 0h:4m:19s
Finish initializing candidate tree set (20)
Current best tree score: -1874.591 / CPU time: 3.201
Number of iterations: 20
--------------------------------------------------------------------
|               OPTIMIZING CANDIDATE TREE SET                      |
--------------------------------------------------------------------
Optimizing NNI: done in 0.166804 secs using 199.8% CPU
Optimizing NNI: done in 0.145673 secs using 197.8% CPU
Optimizing NNI: done in 0.155064 secs using 189.2% CPU
Optimizing NNI: done in 0.163389 secs using 202.4% CPU
Optimizing NNI: done in 0.149081 secs using 199.3% CPU
Optimizing NNI: done in 0.153111 secs using 193.4% CPU
Optimizing NNI: done in 0.149991 secs using 195.9% CPU
Optimizing NNI: done in 0.186414 secs using 201.3% CPU
Optimizing NNI: done in 0.126648 secs using 197.2% CPU
Optimizing NNI: done in 0.152538 secs using 191.8% CPU
Iteration 30 / LogL: -1874.591 / Time: 0h:4m:21s (0h:0m:15s left)
Optimizing NNI: done in 0.209598 secs using 191% CPU
Optimizing NNI: done in 0.165308 secs using 199.2% CPU
Optimizing NNI: done in 0.251002 secs using 187.8% CPU
Optimizing NNI: done in 0.192188 secs using 199.4% CPU
Optimizing NNI: done in 0.13911 secs using 200.2% CPU
Optimizing NNI: done in 0.141288 secs using 194.6% CPU
Optimizing NNI: done in 0.127678 secs using 198.1% CPU
Optimizing NNI: done in 0.257663 secs using 190.5% CPU
Optimizing NNI: done in 0.143937 secs using 189.3% CPU
Optimizing NNI: done in 0.161921 secs using 198.4% CPU
Iteration 40 / LogL: -1876.613 / Time: 0h:4m:23s (0h:0m:13s left)
Optimizing NNI: done in 0.099216 secs using 191.6% CPU
Optimizing NNI: done in 0.143473 secs using 201.1% CPU
Optimizing NNI: done in 0.166706 secs using 199.8% CPU
Optimizing NNI: done in 0.129474 secs using 187.8% CPU
Optimizing NNI: done in 0.103231 secs using 192.9% CPU
Optimizing NNI: done in 0.114728 secs using 184.2% CPU
Optimizing NNI: done in 0.118144 secs using 197.3% CPU
Optimizing NNI: done in 0.141001 secs using 192.7% CPU
Optimizing NNI: done in 0.136511 secs using 195.9% CPU
Optimizing NNI: done in 0.189634 secs using 194.3% CPU
Iteration 50 / LogL: -1875.472 / Time: 0h:4m:24s (0h:0m:11s left)
Optimizing NNI: done in 0.178678 secs using 196.6% CPU
Optimizing NNI: done in 0.175859 secs using 193.6% CPU
Optimizing NNI: done in 0.250334 secs using 200.4% CPU
Optimizing NNI: done in 0.271753 secs using 196.6% CPU
Optimizing NNI: done in 0.126186 secs using 197.4% CPU
Optimizing NNI: done in 0.155981 secs using 196.1% CPU
Optimizing NNI: done in 0.210182 secs using 198.6% CPU
Optimizing NNI: done in 0.104828 secs using 193.5% CPU
Optimizing NNI: done in 0.1654 secs using 200% CPU
Optimizing NNI: done in 0.213698 secs using 199.5% CPU
Iteration 60 / LogL: -1877.431 / Time: 0h:4m:26s (0h:0m:9s left)
Optimizing NNI: done in 0.169079 secs using 194.9% CPU
Optimizing NNI: done in 0.1706 secs using 191.6% CPU
Optimizing NNI: done in 0.152438 secs using 191.1% CPU
Optimizing NNI: done in 0.132042 secs using 197.8% CPU
Optimizing NNI: done in 0.106986 secs using 193.5% CPU
Optimizing NNI: done in 0.125826 secs using 193.5% CPU
Optimizing NNI: done in 0.143981 secs using 194.4% CPU
Optimizing NNI: done in 0.144793 secs using 194.1% CPU
Optimizing NNI: done in 0.150428 secs using 196.9% CPU
Optimizing NNI: done in 0.117104 secs using 200.5% CPU
Iteration 70 / LogL: -1874.591 / Time: 0h:4m:28s (0h:0m:7s left)
Optimizing NNI: done in 0.100187 secs using 194.1% CPU
Optimizing NNI: done in 0.139388 secs using 197% CPU
Optimizing NNI: done in 0.130426 secs using 187.9% CPU
Optimizing NNI: done in 0.12778 secs using 200.2% CPU
Optimizing NNI: done in 0.199368 secs using 196.9% CPU
Optimizing NNI: done in 0.117382 secs using 190.7% CPU
Optimizing NNI: done in 0.192642 secs using 193.3% CPU
Optimizing NNI: done in 0.147408 secs using 195.6% CPU
Optimizing NNI: done in 0.101261 secs using 196.2% CPU
Optimizing NNI: done in 0.161514 secs using 196.7% CPU
Iteration 80 / LogL: -1874.591 / Time: 0h:4m:29s (0h:0m:6s left)
Optimizing NNI: done in 0.155675 secs using 194.9% CPU
Optimizing NNI: done in 0.179786 secs using 196.7% CPU
Optimizing NNI: done in 0.152156 secs using 190.3% CPU
Optimizing NNI: done in 0.131922 secs using 197.5% CPU
Optimizing NNI: done in 0.11819 secs using 185.4% CPU
Optimizing NNI: done in 0.102129 secs using 194.5% CPU
Optimizing NNI: done in 0.130195 secs using 196.7% CPU
Optimizing NNI: done in 0.164994 secs using 195% CPU
Optimizing NNI: done in 0.249629 secs using 193.5% CPU
Optimizing NNI: done in 0.126897 secs using 185% CPU
Iteration 90 / LogL: -1874.591 / Time: 0h:4m:31s (0h:0m:4s left)
Optimizing NNI: done in 0.118682 secs using 194.4% CPU
Optimizing NNI: done in 0.131405 secs using 196.9% CPU
Optimizing NNI: done in 0.0998946 secs using 190.7% CPU
Optimizing NNI: done in 0.124605 secs using 192.6% CPU
Optimizing NNI: done in 0.128413 secs using 195.5% CPU
Optimizing NNI: done in 0.0967538 secs using 181% CPU
Optimizing NNI: done in 0.136109 secs using 199% CPU
Optimizing NNI: done in 0.152301 secs using 200% CPU
Optimizing NNI: done in 0.113022 secs using 191.7% CPU
Optimizing NNI: done in 0.124554 secs using 199.6% CPU
Iteration 100 / LogL: -1875.610 / Time: 0h:4m:32s (0h:0m:2s left)
Optimizing NNI: done in 0.155679 secs using 191.6% CPU
Optimizing NNI: done in 0.12842 secs using 192.8% CPU
Optimizing NNI: done in 0.124086 secs using 192.3% CPU
Optimizing NNI: done in 0.184064 secs using 198.7% CPU
Optimizing NNI: done in 0.13516 secs using 187.2% CPU
Optimizing NNI: done in 0.186411 secs using 194.1% CPU
Optimizing NNI: done in 0.143636 secs using 196.9% CPU
Optimizing NNI: done in 0.145421 secs using 194.8% CPU
Optimizing NNI: done in 0.134994 secs using 193.3% CPU
Optimizing NNI: done in 0.0765882 secs using 198.3% CPU
Iteration 110 / LogL: -1874.598 / Time: 0h:4m:34s (0h:0m:1s left)
Optimizing NNI: done in 0.127174 secs using 195.2% CPU
Optimizing NNI: done in 0.0702459 secs using 191.8% CPU
Optimizing NNI: done in 0.147202 secs using 193.7% CPU
Optimizing NNI: done in 0.136485 secs using 197.9% CPU
Optimizing NNI: done in 0.132357 secs using 199.3% CPU
Optimizing NNI: done in 0.113825 secs using 199.9% CPU
Optimizing NNI: done in 0.129027 secs using 196.1% CPU
Optimizing NNI: done in 0.112981 secs using 196.7% CPU
Refining ufboot trees with NNI 1 branch...
Optimizing NNI: done in 0.0171373 secs using 157.9% CPU
Optimizing NNI: done in 0.0117181 secs using 184.8% CPU
Optimizing NNI: done in 0.0425456 secs using 193.4% CPU
Optimizing NNI: done in 0.0262047 secs using 207.4% CPU
Optimizing NNI: done in 0.022356 secs using 188.2% CPU
Optimizing NNI: done in 0.0212022 secs using 192.9% CPU
Optimizing NNI: done in 0.0317762 secs using 193% CPU
Optimizing NNI: done in 0.0151511 secs using 164.9% CPU
Optimizing NNI: done in 0.020344 secs using 196.9% CPU
Optimizing NNI: done in 0.0458114 secs using 185.9% CPU
Optimizing NNI: done in 0.0173939 secs using 213.3% CPU
Optimizing NNI: done in 0.0382583 secs using 203% CPU
Optimizing NNI: done in 0.0144073 secs using 220.4% CPU
Optimizing NNI: done in 0.00930779 secs using 205.6% CPU
Optimizing NNI: done in 0.0225982 secs using 187.2% CPU
Optimizing NNI: done in 0.0294157 secs using 162.9% CPU
Optimizing NNI: done in 0.0185133 secs using 201.4% CPU
Optimizing NNI: done in 0.0150385 secs using 231.6% CPU
Optimizing NNI: done in 0.0215121 secs using 191.5% CPU
Optimizing NNI: done in 0.0341135 secs using 186.7% CPU
Optimizing NNI: done in 0.0127392 secs using 177.3% CPU
Optimizing NNI: done in 0.0329175 secs using 187.9% CPU
Optimizing NNI: done in 0.011862 secs using 183.2% CPU
Optimizing NNI: done in 0.0245461 secs using 213% CPU
Optimizing NNI: done in 0.0232415 secs using 184.8% CPU
Optimizing NNI: done in 0.0279686 secs using 205.6% CPU
Optimizing NNI: done in 0.0177529 secs using 211.3% CPU
Optimizing NNI: done in 0.028938 secs using 202.2% CPU
Optimizing NNI: done in 0.01585 secs using 224.7% CPU
Optimizing NNI: done in 0.0265852 secs using 173.9% CPU
Optimizing NNI: done in 0.00938856 secs using 171.2% CPU
Optimizing NNI: done in 0.026538 secs using 211.4% CPU
Optimizing NNI: done in 0.0298964 secs using 198.9% CPU
Optimizing NNI: done in 0.0313014 secs using 194.2% CPU
Optimizing NNI: done in 0.0297281 secs using 199.4% CPU
Optimizing NNI: done in 0.0280998 secs using 202.9% CPU
Optimizing NNI: done in 0.0247194 secs using 211.5% CPU
Optimizing NNI: done in 0.023116 secs using 185.4% CPU
Optimizing NNI: done in 0.0193906 secs using 150% CPU
Optimizing NNI: done in 0.0134633 secs using 246.9% CPU
Optimizing NNI: done in 0.019733 secs using 199.9% CPU
Optimizing NNI: done in 0.0254362 secs using 177.1% CPU
Optimizing NNI: done in 0.0689268 secs using 199.6% CPU
Optimizing NNI: done in 0.0436743 secs using 212.9% CPU
Optimizing NNI: done in 0.0209389 secs using 194.2% CPU
Optimizing NNI: done in 0.0185938 secs using 192.8% CPU
Optimizing NNI: done in 0.0171168 secs using 157.2% CPU
Optimizing NNI: done in 0.0135526 secs using 172.4% CPU
Optimizing NNI: done in 0.0515087 secs using 195.4% CPU
Optimizing NNI: done in 0.0211004 secs using 193.5% CPU
Optimizing NNI: done in 0.0275488 secs using 171.3% CPU
Optimizing NNI: done in 0.0560191 secs using 187.7% CPU
Optimizing NNI: done in 0.0460317 secs using 185.3% CPU
Optimizing NNI: done in 0.0312628 secs using 194.4% CPU
Optimizing NNI: done in 0.0401459 secs using 198% CPU
Optimizing NNI: done in 0.0154703 secs using 161.5% CPU
Optimizing NNI: done in 0.0182364 secs using 204.5% CPU
Optimizing NNI: done in 0.0188623 secs using 204.3% CPU
Optimizing NNI: done in 0.0176899 secs using 211.5% CPU
Optimizing NNI: done in 0.0408548 secs using 196.3% CPU
Optimizing NNI: done in 0.0243298 secs using 214.2% CPU
Optimizing NNI: done in 0.0369372 secs using 206.7% CPU
Optimizing NNI: done in 0.0194231 secs using 150.3% CPU
Optimizing NNI: done in 0.0302834 secs using 190.8% CPU
Optimizing NNI: done in 0.0177498 secs using 211% CPU
Optimizing NNI: done in 0.012906 secs using 252.7% CPU
Optimizing NNI: done in 0.0231611 secs using 185% CPU
Optimizing NNI: done in 0.0324985 secs using 183.3% CPU
Optimizing NNI: done in 0.0186853 secs using 205.4% CPU
Optimizing NNI: done in 0.0185014 secs using 206.3% CPU
Optimizing NNI: done in 0.0311576 secs using 194.8% CPU
Optimizing NNI: done in 0.021152 secs using 192.9% CPU
Optimizing NNI: done in 0.0203857 secs using 148% CPU
Optimizing NNI: done in 0.0510976 secs using 196.1% CPU
Optimizing NNI: done in 0.0293575 secs using 200.6% CPU
Optimizing NNI: done in 0.0309849 secs using 195.3% CPU
Optimizing NNI: done in 0.00765678 secs using 99.08% CPU
Optimizing NNI: done in 0.04221 secs using 193.1% CPU
Optimizing NNI: done in 0.0354454 secs using 211.2% CPU
Optimizing NNI: done in 0.0108521 secs using 191.2% CPU
Optimizing NNI: done in 0.0464384 secs using 184.6% CPU
Optimizing NNI: done in 0.0346684 secs using 185% CPU
Optimizing NNI: done in 0.0335226 secs using 214.9% CPU
Optimizing NNI: done in 0.0149969 secs using 165.7% CPU
Optimizing NNI: done in 0.0321866 secs using 160.9% CPU
Optimizing NNI: done in 0.0260171 secs using 175.2% CPU
Optimizing NNI: done in 0.0241522 secs using 181.4% CPU
Optimizing NNI: done in 0.0235746 secs using 182.9% CPU
Optimizing NNI: done in 0.0454651 secs using 186.4% CPU
Optimizing NNI: done in 0.0400353 secs using 173.3% CPU
Optimizing NNI: done in 0.022299 secs using 231.7% CPU
Optimizing NNI: done in 0.0333064 secs using 188.6% CPU
Optimizing NNI: done in 0.0224003 secs using 220.4% CPU
Optimizing NNI: done in 0.026044 secs using 213.6% CPU
Optimizing NNI: done in 0.0336619 secs using 216.9% CPU
Optimizing NNI: done in 0.02376 secs using 182.7% CPU
Optimizing NNI: done in 0.0168104 secs using 158.3% CPU
Optimizing NNI: done in 0.0215402 secs using 145.2% CPU
Optimizing NNI: done in 0.0281345 secs using 205% CPU
Optimizing NNI: done in 0.0329489 secs using 189.5% CPU
100 samples done
Optimizing NNI: done in 0.0149574 secs using 220.8% CPU
Optimizing NNI: done in 0.022603 secs using 187% CPU
Optimizing NNI: done in 0.0109156 secs using 191.1% CPU
Optimizing NNI: done in 0.0132197 secs using 175% CPU
Optimizing NNI: done in 0.045605 secs using 208.8% CPU
Optimizing NNI: done in 0.0116867 secs using 184.9% CPU
Optimizing NNI: done in 0.0145757 secs using 168.1% CPU
Optimizing NNI: done in 0.0144998 secs using 168.4% CPU
Optimizing NNI: done in 0.0147411 secs using 154.8% CPU
Optimizing NNI: done in 0.0111098 secs using 189.5% CPU
Optimizing NNI: done in 0.0193866 secs using 194.8% CPU
Optimizing NNI: done in 0.0209048 secs using 179.5% CPU
Optimizing NNI: done in 0.0198678 secs using 199.8% CPU
Optimizing NNI: done in 0.0217735 secs using 191% CPU
Optimizing NNI: done in 0.0111568 secs using 189.1% CPU
Optimizing NNI: done in 0.0237311 secs using 209.5% CPU
Optimizing NNI: done in 0.0134023 secs using 174.1% CPU
Optimizing NNI: done in 0.0284083 secs using 196.8% CPU
Optimizing NNI: done in 0.0293224 secs using 190.6% CPU
Optimizing NNI: done in 0.0226199 secs using 187.6% CPU
Optimizing NNI: done in 0.0240837 secs using 217.4% CPU
Optimizing NNI: done in 0.0109173 secs using 191.3% CPU
Optimizing NNI: done in 0.0229298 secs using 181.9% CPU
Optimizing NNI: done in 0.0416148 secs using 195.3% CPU
Optimizing NNI: done in 0.0127173 secs using 178.1% CPU
Optimizing NNI: done in 0.0172933 secs using 212.9% CPU
Optimizing NNI: done in 0.0114869 secs using 186.6% CPU
Optimizing NNI: done in 0.011819 secs using 252.3% CPU
Optimizing NNI: done in 0.0164105 secs using 160.4% CPU
Optimizing NNI: done in 0.0226701 secs using 187.4% CPU
Optimizing NNI: done in 0.0295319 secs using 200.8% CPU
Optimizing NNI: done in 0.0674893 secs using 188.1% CPU
Optimizing NNI: done in 0.039545 secs using 175.1% CPU
Optimizing NNI: done in 0.0134454 secs using 165.5% CPU
Optimizing NNI: done in 0.0305477 secs using 223.9% CPU
Optimizing NNI: done in 0.0259216 secs using 176.3% CPU
Optimizing NNI: done in 0.0145458 secs using 168% CPU
Optimizing NNI: done in 0.0117314 secs using 201.2% CPU
Optimizing NNI: done in 0.0087049 secs using 99.53% CPU
Optimizing NNI: done in 0.018467 secs using 153.6% CPU
Optimizing NNI: done in 0.0429264 secs using 192.2% CPU
Optimizing NNI: done in 0.0181292 secs using 198.1% CPU
Optimizing NNI: done in 0.0301329 secs using 198.7% CPU
Optimizing NNI: done in 0.0129648 secs using 176.5% CPU
Optimizing NNI: done in 0.0383096 secs using 201.3% CPU
Optimizing NNI: done in 0.0387074 secs using 176.5% CPU
Optimizing NNI: done in 0.01808 secs using 200.4% CPU
Optimizing NNI: done in 0.029318 secs using 198.7% CPU
Optimizing NNI: done in 0.0182077 secs using 178.9% CPU
Optimizing NNI: done in 0.0154586 secs using 99.48% CPU
Optimizing NNI: done in 0.0219692 secs using 190.1% CPU
Optimizing NNI: done in 0.0347692 secs using 214.2% CPU
Optimizing NNI: done in 0.0133983 secs using 173.8% CPU
Optimizing NNI: done in 0.028711 secs using 168.8% CPU
Optimizing NNI: done in 0.0267915 secs using 174% CPU
Optimizing NNI: done in 0.05079 secs using 197.6% CPU
Optimizing NNI: done in 0.0524272 secs using 194.5% CPU
Optimizing NNI: done in 0.0212614 secs using 193.2% CPU
Optimizing NNI: done in 0.054363 secs using 191.1% CPU
Optimizing NNI: done in 0.0151021 secs using 165.6% CPU
Optimizing NNI: done in 0.0390611 secs using 201.5% CPU
Optimizing NNI: done in 0.0555923 secs using 207.1% CPU
Optimizing NNI: done in 0.0795642 secs using 199.6% CPU
Optimizing NNI: done in 0.059728 secs using 182.9% CPU
Optimizing NNI: done in 0.0174254 secs using 156.6% CPU
Optimizing NNI: done in 0.0251361 secs using 218.5% CPU
Optimizing NNI: done in 0.0485336 secs using 202.1% CPU
Optimizing NNI: done in 0.0301091 secs using 196.9% CPU
Optimizing NNI: done in 0.0513154 secs using 196.6% CPU
Optimizing NNI: done in 0.0402492 secs using 198.5% CPU
Optimizing NNI: done in 0.00942009 secs using 205.5% CPU
Optimizing NNI: done in 0.0258133 secs using 176.8% CPU
Optimizing NNI: done in 0.0168286 secs using 218% CPU
Optimizing NNI: done in 0.033072 secs using 190% CPU
Optimizing NNI: done in 0.0607302 secs using 197.9% CPU
Optimizing NNI: done in 0.0238316 secs using 141.4% CPU
Optimizing NNI: done in 0.0352893 secs using 208.1% CPU
Optimizing NNI: done in 0.0573637 secs using 201.6% CPU
Optimizing NNI: done in 0.0566092 secs using 205% CPU
Optimizing NNI: done in 0.0407381 secs using 195.7% CPU
Optimizing NNI: done in 0.0175788 secs using 156% CPU
Optimizing NNI: done in 0.0224374 secs using 231% CPU
Optimizing NNI: done in 0.0251944 secs using 218.1% CPU
Optimizing NNI: done in 0.0362637 secs using 181.9% CPU
Optimizing NNI: done in 0.0191259 secs using 203.9% CPU
Optimizing NNI: done in 0.0609393 secs using 197.6% CPU
Optimizing NNI: done in 0.0373796 secs using 206% CPU
Optimizing NNI: done in 0.0159759 secs using 224.2% CPU
Optimizing NNI: done in 0.0301641 secs using 231% CPU
Optimizing NNI: done in 0.0240505 secs using 182.4% CPU
Optimizing NNI: done in 0.0334112 secs using 189% CPU
Optimizing NNI: done in 0.0186767 secs using 206.3% CPU
Optimizing NNI: done in 0.0236046 secs using 179.8% CPU
Optimizing NNI: done in 0.0266938 secs using 211.5% CPU
Optimizing NNI: done in 0.0315807 secs using 222.2% CPU
Optimizing NNI: done in 0.0204527 secs using 196.8% CPU
Optimizing NNI: done in 0.0141077 secs using 170.3% CPU
Optimizing NNI: done in 0.0205601 secs using 196.5% CPU
Optimizing NNI: done in 0.0223777 secs using 188.5% CPU
Optimizing NNI: done in 0.0234947 secs using 226.7% CPU
200 samples done
Optimizing NNI: done in 0.0144089 secs using 168.8% CPU
Optimizing NNI: done in 0.0239873 secs using 211.1% CPU
Optimizing NNI: done in 0.0214627 secs using 192.6% CPU
Optimizing NNI: done in 0.0169731 secs using 206.7% CPU
Optimizing NNI: done in 0.0394364 secs using 197.1% CPU
Optimizing NNI: done in 0.015667 secs using 205.5% CPU
Optimizing NNI: done in 0.0139385 secs using 230.4% CPU
Optimizing NNI: done in 0.0310365 secs using 195.8% CPU
Optimizing NNI: done in 0.019877 secs using 199.7% CPU
Optimizing NNI: done in 0.0200942 secs using 198.7% CPU
Optimizing NNI: done in 0.0160461 secs using 161.8% CPU
Optimizing NNI: done in 0.0288909 secs using 202.9% CPU
Optimizing NNI: done in 0.0103692 secs using 195.9% CPU
Optimizing NNI: done in 0.0212353 secs using 146.9% CPU
Optimizing NNI: done in 0.0152397 secs using 164.9% CPU
Optimizing NNI: done in 0.0282224 secs using 169.6% CPU
Optimizing NNI: done in 0.0181974 secs using 154.5% CPU
Optimizing NNI: done in 0.0315743 secs using 194.3% CPU
Optimizing NNI: done in 0.0268162 secs using 167.9% CPU
Optimizing NNI: done in 0.0360045 secs using 175.5% CPU
Optimizing NNI: done in 0.0240601 secs using 182.1% CPU
Optimizing NNI: done in 0.0256444 secs using 213.4% CPU
Optimizing NNI: done in 0.0266041 secs using 211.7% CPU
Optimizing NNI: done in 0.0474276 secs using 204.3% CPU
Optimizing NNI: done in 0.0386181 secs using 202.5% CPU
Optimizing NNI: done in 0.0118859 secs using 183.2% CPU
Optimizing NNI: done in 0.0407105 secs using 187.2% CPU
Optimizing NNI: done in 0.0202404 secs using 197.8% CPU
Optimizing NNI: done in 0.0216643 secs using 191.5% CPU
Optimizing NNI: done in 0.0304594 secs using 190.4% CPU
Optimizing NNI: done in 0.0109238 secs using 190.7% CPU
Optimizing NNI: done in 0.0423494 secs using 193.6% CPU
Optimizing NNI: done in 0.0346113 secs using 210.2% CPU
Optimizing NNI: done in 0.0209306 secs using 194.8% CPU
Optimizing NNI: done in 0.0260891 secs using 175.8% CPU
Optimizing NNI: done in 0.0366881 secs using 208% CPU
Optimizing NNI: done in 0.0171539 secs using 215.7% CPU
Optimizing NNI: done in 0.0419112 secs using 218.3% CPU
Optimizing NNI: done in 0.0318061 secs using 193% CPU
Optimizing NNI: done in 0.0354371 secs using 183.8% CPU
Optimizing NNI: done in 0.0277807 secs using 171.2% CPU
Optimizing NNI: done in 0.0152887 secs using 207.2% CPU
Optimizing NNI: done in 0.0136976 secs using 238.5% CPU
Optimizing NNI: done in 0.0223665 secs using 188.8% CPU
Optimizing NNI: done in 0.0219766 secs using 227.4% CPU
Optimizing NNI: done in 0.0215592 secs using 191.9% CPU
Optimizing NNI: done in 0.0124057 secs using 179.7% CPU
Optimizing NNI: done in 0.038784 secs using 202.3% CPU
Optimizing NNI: done in 0.0249895 secs using 217.8% CPU
Optimizing NNI: done in 0.0216989 secs using 191.4% CPU
Optimizing NNI: done in 0.0241606 secs using 223.2% CPU
Optimizing NNI: done in 0.021599 secs using 237.9% CPU
Optimizing NNI: done in 0.0437853 secs using 196.4% CPU
Optimizing NNI: done in 0.0196725 secs using 200.4% CPU
Optimizing NNI: done in 0.0338577 secs using 187.6% CPU
Optimizing NNI: done in 0.0262568 secs using 212.8% CPU
Optimizing NNI: done in 0.035999 secs using 209.5% CPU
Optimizing NNI: done in 0.0271003 secs using 172.6% CPU
Optimizing NNI: done in 0.0311958 secs using 194.8% CPU
Optimizing NNI: done in 0.0313474 secs using 160.9% CPU
Optimizing NNI: done in 0.0275864 secs using 224.5% CPU
Optimizing NNI: done in 0.0433912 secs using 191.1% CPU
Optimizing NNI: done in 0.0656497 secs using 175% CPU
Optimizing NNI: done in 0.0153309 secs using 164.2% CPU
Optimizing NNI: done in 0.00662917 secs using 99.45% CPU
Optimizing NNI: done in 0.0189551 secs using 200.1% CPU
Optimizing NNI: done in 0.0286876 secs using 203.8% CPU
Optimizing NNI: done in 0.0128109 secs using 133.9% CPU
Optimizing NNI: done in 0.0180087 secs using 209.9% CPU
Optimizing NNI: done in 0.0143902 secs using 155% CPU
Optimizing NNI: done in 0.022082 secs using 234.5% CPU
Optimizing NNI: done in 0.0144843 secs using 179% CPU
Optimizing NNI: done in 0.0148427 secs using 166.8% CPU
Optimizing NNI: done in 0.0406227 secs using 197.3% CPU
Optimizing NNI: done in 0.0420909 secs using 187.2% CPU
Optimizing NNI: done in 0.0171983 secs using 223.1% CPU
Optimizing NNI: done in 0.0350944 secs using 188.5% CPU
Optimizing NNI: done in 0.0194023 secs using 226.9% CPU
Optimizing NNI: done in 0.0226419 secs using 228.6% CPU
Optimizing NNI: done in 0.0235495 secs using 183.8% CPU
Optimizing NNI: done in 0.0296716 secs using 197.7% CPU
Optimizing NNI: done in 0.0106525 secs using 169.4% CPU
Optimizing NNI: done in 0.0237371 secs using 205.1% CPU
Optimizing NNI: done in 0.0187715 secs using 200.4% CPU
Optimizing NNI: done in 0.0200614 secs using 185.6% CPU
Optimizing NNI: done in 0.0120316 secs using 196.4% CPU
Optimizing NNI: done in 0.0312348 secs using 165.8% CPU
Optimizing NNI: done in 0.0109402 secs using 152.7% CPU
Optimizing NNI: done in 0.0135125 secs using 228.3% CPU
Optimizing NNI: done in 0.0300935 secs using 195.6% CPU
Optimizing NNI: done in 0.0598643 secs using 198.9% CPU
Optimizing NNI: done in 0.0379434 secs using 204.2% CPU
Optimizing NNI: done in 0.0380228 secs using 204.1% CPU
Optimizing NNI: done in 0.0250793 secs using 178.3% CPU
Optimizing NNI: done in 0.0185203 secs using 206.9% CPU
Optimizing NNI: done in 0.0166399 secs using 218.9% CPU
Optimizing NNI: done in 0.0197497 secs using 200% CPU
Optimizing NNI: done in 0.0279085 secs using 181.5% CPU
Optimizing NNI: done in 0.0181496 secs using 205.4% CPU
Optimizing NNI: done in 0.0159271 secs using 161.6% CPU
300 samples done
Optimizing NNI: done in 0.0266364 secs using 203.3% CPU
Optimizing NNI: done in 0.0209205 secs using 169.4% CPU
Optimizing NNI: done in 0.00944846 secs using 201.1% CPU
Optimizing NNI: done in 0.0400865 secs using 156.7% CPU
Optimizing NNI: done in 0.0111841 secs using 188% CPU
Optimizing NNI: done in 0.0103406 secs using 187.5% CPU
Optimizing NNI: done in 0.0314292 secs using 194.3% CPU
Optimizing NNI: done in 0.0189918 secs using 226% CPU
Optimizing NNI: done in 0.0152707 secs using 229.3% CPU
Optimizing NNI: done in 0.0313537 secs using 194.6% CPU
Optimizing NNI: done in 0.0170442 secs using 216.1% CPU
Optimizing NNI: done in 0.0162794 secs using 182% CPU
Optimizing NNI: done in 0.00922894 secs using 129.3% CPU
Optimizing NNI: done in 0.015964 secs using 216.2% CPU
Optimizing NNI: done in 0.0134702 secs using 193.4% CPU
Optimizing NNI: done in 0.0210184 secs using 170.7% CPU
Optimizing NNI: done in 0.00930332 secs using 213.5% CPU
Optimizing NNI: done in 0.0269942 secs using 196.6% CPU
Optimizing NNI: done in 0.0191673 secs using 207.8% CPU
Optimizing NNI: done in 0.0193495 secs using 150.8% CPU
Optimizing NNI: done in 0.0200965 secs using 198.4% CPU
Optimizing NNI: done in 0.0221201 secs using 189.4% CPU
Optimizing NNI: done in 0.0226516 secs using 187.3% CPU
Optimizing NNI: done in 0.0138781 secs using 171.2% CPU
Optimizing NNI: done in 0.0421733 secs using 193.6% CPU
Optimizing NNI: done in 0.0271746 secs using 197.7% CPU
Optimizing NNI: done in 0.0386299 secs using 184.9% CPU
Optimizing NNI: done in 0.0140696 secs using 170.5% CPU
Optimizing NNI: done in 0.0389015 secs using 176% CPU
Optimizing NNI: done in 0.0242469 secs using 181.6% CPU
Optimizing NNI: done in 0.0152046 secs using 214.7% CPU
Optimizing NNI: done in 0.0102821 secs using 196.6% CPU
Optimizing NNI: done in 0.0348347 secs using 203% CPU
Optimizing NNI: done in 0.015999 secs using 224.1% CPU
Optimizing NNI: done in 0.0223002 secs using 189.1% CPU
Optimizing NNI: done in 0.0346647 secs using 185.6% CPU
Optimizing NNI: done in 0.0222308 secs using 186.8% CPU
Optimizing NNI: done in 0.0265849 secs using 197.7% CPU
Optimizing NNI: done in 0.0240794 secs using 218.1% CPU
Optimizing NNI: done in 0.0162329 secs using 161% CPU
Optimizing NNI: done in 0.0283793 secs using 204.8% CPU
Optimizing NNI: done in 0.0164359 secs using 220.8% CPU
Optimizing NNI: done in 0.0140173 secs using 241.7% CPU
Optimizing NNI: done in 0.0215989 secs using 191.7% CPU
Optimizing NNI: done in 0.0161908 secs using 222.6% CPU
Optimizing NNI: done in 0.0218949 secs using 145.3% CPU
Optimizing NNI: done in 0.0116773 secs using 185.3% CPU
Optimizing NNI: done in 0.013041 secs using 242.4% CPU
Optimizing NNI: done in 0.0260126 secs using 213.6% CPU
Optimizing NNI: done in 0.016234 secs using 214.2% CPU
Optimizing NNI: done in 0.0151502 secs using 227.8% CPU
Optimizing NNI: done in 0.0138794 secs using 171.1% CPU
Optimizing NNI: done in 0.0171101 secs using 215.9% CPU
Optimizing NNI: done in 0.0145074 secs using 168.2% CPU
Optimizing NNI: done in 0.0171452 secs using 201.2% CPU
Optimizing NNI: done in 0.0143604 secs using 230.9% CPU
Optimizing NNI: done in 0.0353958 secs using 183.9% CPU
Optimizing NNI: done in 0.0287328 secs using 191.6% CPU
Optimizing NNI: done in 0.0189044 secs using 204.8% CPU
Optimizing NNI: done in 0.0321226 secs using 192.5% CPU
Optimizing NNI: done in 0.00853944 secs using 198.9% CPU
Optimizing NNI: done in 0.0227463 secs using 183.2% CPU
Optimizing NNI: done in 0.0198745 secs using 204.3% CPU
Optimizing NNI: done in 0.0169036 secs using 162.2% CPU
Optimizing NNI: done in 0.0420668 secs using 198.8% CPU
Optimizing NNI: done in 0.0463909 secs using 211.7% CPU
Optimizing NNI: done in 0.0200295 secs using 203.7% CPU
Optimizing NNI: done in 0.0317878 secs using 224.7% CPU
Optimizing NNI: done in 0.0201167 secs using 203.2% CPU
Optimizing NNI: done in 0.0717391 secs using 201.3% CPU
Optimizing NNI: done in 0.0242988 secs using 185.7% CPU
Optimizing NNI: done in 0.0334212 secs using 193.3% CPU
Optimizing NNI: done in 0.0324633 secs using 196.1% CPU
Optimizing NNI: done in 0.0178257 secs using 216.2% CPU
Optimizing NNI: done in 0.0137022 secs using 176.1% CPU
Optimizing NNI: done in 0.0432279 secs using 217.7% CPU
Optimizing NNI: done in 0.0119563 secs using 187.1% CPU
Optimizing NNI: done in 0.0386264 secs using 207.4% CPU
Optimizing NNI: done in 0.0171124 secs using 221% CPU
Optimizing NNI: done in 0.0397411 secs using 204.5% CPU
Optimizing NNI: done in 0.0311023 secs using 200.2% CPU
Optimizing NNI: done in 0.0198107 secs using 204.8% CPU
Optimizing NNI: done in 0.0251003 secs using 214.2% CPU
Optimizing NNI: done in 0.0369006 secs using 212.4% CPU
Optimizing NNI: done in 0.0336724 secs using 217.7% CPU
Optimizing NNI: done in 0.0322261 secs using 196.2% CPU
Optimizing NNI: done in 0.0118945 secs using 186.9% CPU
Optimizing NNI: done in 0.0214972 secs using 196.1% CPU
Optimizing NNI: done in 0.0196195 secs using 198.7% CPU
Optimizing NNI: done in 0.0174261 secs using 201.9% CPU
Optimizing NNI: done in 0.0303752 secs using 162.4% CPU
Optimizing NNI: done in 0.0255677 secs using 181.1% CPU
Optimizing NNI: done in 0.024629 secs using 218.4% CPU
Optimizing NNI: done in 0.0497988 secs using 203.6% CPU
Optimizing NNI: done in 0.0128267 secs using 178.1% CPU
Optimizing NNI: done in 0.0109947 secs using 194% CPU
Optimizing NNI: done in 0.0455052 secs using 191.4% CPU
Optimizing NNI: done in 0.00953932 secs using 207.8% CPU
Optimizing NNI: done in 0.0294186 secs using 205.2% CPU
Optimizing NNI: done in 0.0406466 secs using 201.6% CPU
400 samples done
Optimizing NNI: done in 0.0162478 secs using 221.8% CPU
Optimizing NNI: done in 0.0276999 secs using 174.9% CPU
Optimizing NNI: done in 0.00755537 secs using 236.5% CPU
Optimizing NNI: done in 0.0194199 secs using 206.2% CPU
Optimizing NNI: done in 0.0228295 secs using 235.1% CPU
Optimizing NNI: done in 0.0240322 secs using 186.1% CPU
Optimizing NNI: done in 0.0147822 secs using 226.9% CPU
Optimizing NNI: done in 0.0157349 secs using 230% CPU
Optimizing NNI: done in 0.0156887 secs using 219.3% CPU
Optimizing NNI: done in 0.0240924 secs using 227.9% CPU
Optimizing NNI: done in 0.0124195 secs using 183.3% CPU
Optimizing NNI: done in 0.015646 secs using 224.5% CPU
Optimizing NNI: done in 0.00881891 secs using 216.8% CPU
Optimizing NNI: done in 0.0152797 secs using 234.5% CPU
Optimizing NNI: done in 0.0356101 secs using 215.1% CPU
Optimizing NNI: done in 0.0131976 secs using 254.8% CPU
Optimizing NNI: done in 0.0283063 secs using 208.7% CPU
Optimizing NNI: done in 0.012637 secs using 261.4% CPU
Optimizing NNI: done in 0.0316415 secs using 165.8% CPU
Optimizing NNI: done in 0.0152734 secs using 233.6% CPU
Optimizing NNI: done in 0.0146614 secs using 236.9% CPU
Optimizing NNI: done in 0.0317485 secs using 197.1% CPU
Optimizing NNI: done in 0.0426069 secs using 196.4% CPU
Optimizing NNI: done in 0.0243999 secs using 212.4% CPU
Optimizing NNI: done in 0.0151775 secs using 168.1% CPU
Optimizing NNI: done in 0.031854 secs using 196.7% CPU
Optimizing NNI: done in 0.0271412 secs using 213.3% CPU
Optimizing NNI: done in 0.0163116 secs using 225.5% CPU
Optimizing NNI: done in 0.0114629 secs using 189.7% CPU
Optimizing NNI: done in 0.0139588 secs using 173.8% CPU
Optimizing NNI: done in 0.01689 secs using 210.2% CPU
Optimizing NNI: done in 0.00993119 secs using 201.4% CPU
Optimizing NNI: done in 0.0277557 secs using 167.5% CPU
Optimizing NNI: done in 0.0175186 secs using 215.8% CPU
Optimizing NNI: done in 0.0256347 secs using 219.8% CPU
Optimizing NNI: done in 0.0271853 secs using 175.8% CPU
Optimizing NNI: done in 0.0268707 secs using 177.3% CPU
Optimizing NNI: done in 0.0165691 secs using 223.6% CPU
Optimizing NNI: done in 0.0349137 secs using 217.4% CPU
Optimizing NNI: done in 0.0113292 secs using 190.7% CPU
Optimizing NNI: done in 0.0285923 secs using 207.6% CPU
Optimizing NNI: done in 0.0267053 secs using 215.1% CPU
Optimizing NNI: done in 0.0108165 secs using 194.5% CPU
Optimizing NNI: done in 0.0160431 secs using 163% CPU
Optimizing NNI: done in 0.0283932 secs using 207.8% CPU
Optimizing NNI: done in 0.0322895 secs using 164.1% CPU
Optimizing NNI: done in 0.0455722 secs using 189.7% CPU
Optimizing NNI: done in 0.0269215 secs using 201.2% CPU
Optimizing NNI: done in 0.0111471 secs using 178% CPU
Optimizing NNI: done in 0.0234566 secs using 128.9% CPU
Optimizing NNI: done in 0.0242463 secs using 184.4% CPU
Optimizing NNI: done in 0.0266185 secs using 201% CPU
Optimizing NNI: done in 0.0199811 secs using 193.7% CPU
Optimizing NNI: done in 0.0123623 secs using 161.8% CPU
Optimizing NNI: done in 0.024052 secs using 185.1% CPU
Optimizing NNI: done in 0.00980185 secs using 204.2% CPU
Optimizing NNI: done in 0.0364463 secs using 212% CPU
Optimizing NNI: done in 0.0107632 secs using 194.9% CPU
Optimizing NNI: done in 0.0176502 secs using 215.6% CPU
Optimizing NNI: done in 0.0195138 secs using 200.5% CPU
Optimizing NNI: done in 0.0237664 secs using 186.1% CPU
Optimizing NNI: done in 0.0128741 secs using 179.6% CPU
Optimizing NNI: done in 0.0148859 secs using 236.9% CPU
Optimizing NNI: done in 0.0112994 secs using 190.5% CPU
Optimizing NNI: done in 0.0279996 secs using 209.3% CPU
Optimizing NNI: done in 0.0180203 secs using 213.2% CPU
Optimizing NNI: done in 0.0122585 secs using 183.5% CPU
Optimizing NNI: done in 0.011632 secs using 175.5% CPU
Optimizing NNI: done in 0.0431907 secs using 194.7% CPU
Optimizing NNI: done in 0.0130715 secs using 178.4% CPU
Optimizing NNI: done in 0.0188866 secs using 208.1% CPU
Optimizing NNI: done in 0.0213864 secs using 195.6% CPU
Optimizing NNI: done in 0.0181082 secs using 199.9% CPU
Optimizing NNI: done in 0.0217713 secs using 187.8% CPU
Optimizing NNI: done in 0.0207096 secs using 150% CPU
Optimizing NNI: done in 0.0278115 secs using 209.6% CPU
Optimizing NNI: done in 0.01723 secs using 159.4% CPU
Optimizing NNI: done in 0.0184603 secs using 210.1% CPU
Optimizing NNI: done in 0.0307157 secs using 199.4% CPU
Optimizing NNI: done in 0.0294391 secs using 203.6% CPU
Optimizing NNI: done in 0.0606399 secs using 200.7% CPU
Optimizing NNI: done in 0.0186255 secs using 199.7% CPU
Optimizing NNI: done in 0.0408082 secs using 199.8% CPU
Optimizing NNI: done in 0.0506823 secs using 199.5% CPU
Optimizing NNI: done in 0.0304413 secs using 167.4% CPU
Optimizing NNI: done in 0.0127 secs using 251.4% CPU
Optimizing NNI: done in 0.0260889 secs using 216.9% CPU
Optimizing NNI: done in 0.0243328 secs using 225.2% CPU
Optimizing NNI: done in 0.0461504 secs using 188.3% CPU
Optimizing NNI: done in 0.012122 secs using 184.1% CPU
Optimizing NNI: done in 0.025845 secs using 204.4% CPU
Optimizing NNI: done in 0.0246266 secs using 219% CPU
Optimizing NNI: done in 0.0287169 secs using 206.2% CPU
Optimizing NNI: done in 0.0106592 secs using 195.5% CPU
Optimizing NNI: done in 0.0181105 secs using 211.6% CPU
Optimizing NNI: done in 0.0212182 secs using 195.8% CPU
Optimizing NNI: done in 0.0260234 secs using 178.4% CPU
Optimizing NNI: done in 0.0214934 secs using 194.4% CPU
Optimizing NNI: done in 0.0120625 secs using 183.5% CPU
Optimizing NNI: done in 0.0195343 secs using 203.8% CPU
500 samples done
Optimizing NNI: done in 0.0282715 secs using 203% CPU
Optimizing NNI: done in 0.0299688 secs using 196.9% CPU
Optimizing NNI: done in 0.0324867 secs using 215.8% CPU
Optimizing NNI: done in 0.0258546 secs using 217.5% CPU
Optimizing NNI: done in 0.030541 secs using 226.5% CPU
Optimizing NNI: done in 0.0117143 secs using 186.6% CPU
Optimizing NNI: done in 0.0281221 secs using 206.6% CPU
Optimizing NNI: done in 0.0108809 secs using 265.8% CPU
Optimizing NNI: done in 0.0271869 secs using 174.8% CPU
Optimizing NNI: done in 0.0238299 secs using 185.5% CPU
Optimizing NNI: done in 0.0226807 secs using 189.5% CPU
Optimizing NNI: done in 0.0285867 secs using 206.4% CPU
Optimizing NNI: done in 0.0316506 secs using 196.1% CPU
Optimizing NNI: done in 0.0382161 secs using 204.9% CPU
Optimizing NNI: done in 0.025428 secs using 218.1% CPU
Optimizing NNI: done in 0.0176854 secs using 214.5% CPU
Optimizing NNI: done in 0.0134613 secs using 175.5% CPU
Optimizing NNI: done in 0.0315766 secs using 191.7% CPU
Optimizing NNI: done in 0.0135849 secs using 174.8% CPU
Optimizing NNI: done in 0.00943845 secs using 207.3% CPU
Optimizing NNI: done in 0.0233085 secs using 230.2% CPU
Optimizing NNI: done in 0.0100087 secs using 201.3% CPU
Optimizing NNI: done in 0.0382399 secs using 206% CPU
Optimizing NNI: done in 0.010464 secs using 196.9% CPU
Optimizing NNI: done in 0.0191412 secs using 205.9% CPU
Optimizing NNI: done in 0.0312965 secs using 197.2% CPU
Optimizing NNI: done in 0.0262392 secs using 215.5% CPU
Optimizing NNI: done in 0.0512665 secs using 198.6% CPU
Optimizing NNI: done in 0.0523649 secs using 196.5% CPU
Optimizing NNI: done in 0.0209738 secs using 196.4% CPU
Optimizing NNI: done in 0.0143448 secs using 233.3% CPU
Optimizing NNI: done in 0.0109212 secs using 192.6% CPU
Optimizing NNI: done in 0.0106553 secs using 194.8% CPU
Optimizing NNI: done in 0.0190638 secs using 195.4% CPU
Optimizing NNI: done in 0.0184712 secs using 194% CPU
Optimizing NNI: done in 0.0132998 secs using 231.5% CPU
Optimizing NNI: done in 0.00981463 secs using 203% CPU
Optimizing NNI: done in 0.0238421 secs using 182.5% CPU
Optimizing NNI: done in 0.0276556 secs using 209.6% CPU
Optimizing NNI: done in 0.0269347 secs using 212.5% CPU
Optimizing NNI: done in 0.0129579 secs using 178.1% CPU
Optimizing NNI: done in 0.0102599 secs using 101.6% CPU
Optimizing NNI: done in 0.0213615 secs using 189% CPU
Optimizing NNI: done in 0.00976181 secs using 176.2% CPU
Optimizing NNI: done in 0.0149005 secs using 209.7% CPU
Optimizing NNI: done in 0.00450477 secs using 100.5% CPU
Optimizing NNI: done in 0.0159425 secs using 163.6% CPU
Optimizing NNI: done in 0.0243784 secs using 212.3% CPU
Optimizing NNI: done in 0.0307113 secs using 198.7% CPU
Optimizing NNI: done in 0.0221167 secs using 191.4% CPU
Optimizing NNI: done in 0.0211909 secs using 195.4% CPU
Optimizing NNI: done in 0.0220976 secs using 187.9% CPU
Optimizing NNI: done in 0.0246287 secs using 207.1% CPU
Optimizing NNI: done in 0.00992365 secs using 201.8% CPU
Optimizing NNI: done in 0.0481919 secs using 162.8% CPU
Optimizing NNI: done in 0.0275784 secs using 209.9% CPU
Optimizing NNI: done in 0.0216898 secs using 232.3% CPU
Optimizing NNI: done in 0.0110228 secs using 191.4% CPU
Optimizing NNI: done in 0.0164148 secs using 222.7% CPU
Optimizing NNI: done in 0.0176354 secs using 214.3% CPU
Optimizing NNI: done in 0.0354711 secs using 213.6% CPU
Optimizing NNI: done in 0.0152547 secs using 232% CPU
Optimizing NNI: done in 0.0287276 secs using 205.2% CPU
Optimizing NNI: done in 0.0254839 secs using 179.2% CPU
Optimizing NNI: done in 0.0173864 secs using 158.1% CPU
Optimizing NNI: done in 0.0214087 secs using 223.5% CPU
Optimizing NNI: done in 0.00889948 secs using 213.2% CPU
Optimizing NNI: done in 0.0173771 secs using 215.9% CPU
Optimizing NNI: done in 0.0253422 secs using 219.2% CPU
Optimizing NNI: done in 0.0128578 secs using 178.5% CPU
Optimizing NNI: done in 0.0181988 secs using 206.3% CPU
Optimizing NNI: done in 0.0126287 secs using 234.8% CPU
Optimizing NNI: done in 0.0219591 secs using 191.8% CPU
Optimizing NNI: done in 0.0585107 secs using 169.3% CPU
Optimizing NNI: done in 0.0113877 secs using 188.5% CPU
Optimizing NNI: done in 0.0055778 secs using 100.3% CPU
Optimizing NNI: done in 0.0188344 secs using 207% CPU
Optimizing NNI: done in 0.0201519 secs using 200% CPU
Optimizing NNI: done in 0.0139273 secs using 172.5% CPU
Optimizing NNI: done in 0.0298663 secs using 167.9% CPU
Optimizing NNI: done in 0.0117154 secs using 180.3% CPU
Optimizing NNI: done in 0.0658937 secs using 161.5% CPU
Optimizing NNI: done in 0.016034 secs using 205.4% CPU
Optimizing NNI: done in 0.0329594 secs using 221.2% CPU
Optimizing NNI: done in 0.0241518 secs using 183.5% CPU
Optimizing NNI: done in 0.0254706 secs using 216.9% CPU
Optimizing NNI: done in 0.0109733 secs using 191.6% CPU
Optimizing NNI: done in 0.00998007 secs using 200.7% CPU
Optimizing NNI: done in 0.0213514 secs using 194.2% CPU
Optimizing NNI: done in 0.0418517 secs using 220.1% CPU
Optimizing NNI: done in 0.0590633 secs using 202.1% CPU
Optimizing NNI: done in 0.0264489 secs using 176.1% CPU
Optimizing NNI: done in 0.0239371 secs using 184% CPU
Optimizing NNI: done in 0.0454561 secs using 188.5% CPU
Optimizing NNI: done in 0.0191899 secs using 152.4% CPU
Optimizing NNI: done in 0.0167603 secs using 219.9% CPU
Optimizing NNI: done in 0.0124243 secs using 261.8% CPU
Optimizing NNI: done in 0.0192754 secs using 204.3% CPU
Optimizing NNI: done in 0.0199643 secs using 200.7% CPU
Optimizing NNI: done in 0.03769 secs using 205.7% CPU
600 samples done
Optimizing NNI: done in 0.0138449 secs using 236% CPU
Optimizing NNI: done in 0.0251122 secs using 180.4% CPU
Optimizing NNI: done in 0.0122072 secs using 264.5% CPU
Optimizing NNI: done in 0.0149738 secs using 167.2% CPU
Optimizing NNI: done in 0.0294214 secs using 201.4% CPU
Optimizing NNI: done in 0.0216991 secs using 192.7% CPU
Optimizing NNI: done in 0.0116788 secs using 260.5% CPU
Optimizing NNI: done in 0.0182843 secs using 210% CPU
Optimizing NNI: done in 0.0245035 secs using 182.1% CPU
Optimizing NNI: done in 0.0511114 secs using 198.3% CPU
Optimizing NNI: done in 0.0290981 secs using 203.6% CPU
Optimizing NNI: done in 0.0204453 secs using 198.1% CPU
Optimizing NNI: done in 0.012457 secs using 180.6% CPU
Optimizing NNI: done in 0.0198722 secs using 201% CPU
Optimizing NNI: done in 0.0330172 secs using 191% CPU
Optimizing NNI: done in 0.0370181 secs using 181.3% CPU
Optimizing NNI: done in 0.038441 secs using 204.4% CPU
Optimizing NNI: done in 0.0191459 secs using 204.8% CPU
Optimizing NNI: done in 0.0323414 secs using 193.1% CPU
Optimizing NNI: done in 0.0342567 secs using 187.9% CPU
Optimizing NNI: done in 0.0156344 secs using 228.3% CPU
Optimizing NNI: done in 0.0204488 secs using 198% CPU
Optimizing NNI: done in 0.0143981 secs using 239.3% CPU
Optimizing NNI: done in 0.0164865 secs using 221.6% CPU
Optimizing NNI: done in 0.0207807 secs using 196.7% CPU
Optimizing NNI: done in 0.0167186 secs using 216.5% CPU
Optimizing NNI: done in 0.0272264 secs using 210.5% CPU
Optimizing NNI: done in 0.0392609 secs using 202.2% CPU
Optimizing NNI: done in 0.0153953 secs using 221% CPU
Optimizing NNI: done in 0.0181782 secs using 210.4% CPU
Optimizing NNI: done in 0.0306638 secs using 198.2% CPU
Optimizing NNI: done in 0.0292127 secs using 203% CPU
Optimizing NNI: done in 0.0350143 secs using 214.6% CPU
Optimizing NNI: done in 0.0208403 secs using 196.3% CPU
Optimizing NNI: done in 0.0112668 secs using 184.6% CPU
Optimizing NNI: done in 0.0210338 secs using 227.5% CPU
Optimizing NNI: done in 0.020131 secs using 199.6% CPU
Optimizing NNI: done in 0.0279558 secs using 205.5% CPU
Optimizing NNI: done in 0.0375814 secs using 153.8% CPU
Optimizing NNI: done in 0.040149 secs using 199.7% CPU
Optimizing NNI: done in 0.0364955 secs using 182.2% CPU
Optimizing NNI: done in 0.0183703 secs using 209% CPU
Optimizing NNI: done in 0.0138678 secs using 172.3% CPU
Optimizing NNI: done in 0.0104019 secs using 196.2% CPU
Optimizing NNI: done in 0.00909591 secs using 195% CPU
Optimizing NNI: done in 0.0169955 secs using 208.4% CPU
Optimizing NNI: done in 0.0216628 secs using 192.4% CPU
Optimizing NNI: done in 0.0231582 secs using 215.5% CPU
Optimizing NNI: done in 0.0105281 secs using 195.1% CPU
Optimizing NNI: done in 0.0180329 secs using 211% CPU
Optimizing NNI: done in 0.017263 secs using 216% CPU
Optimizing NNI: done in 0.0186676 secs using 207.4% CPU
Optimizing NNI: done in 0.021699 secs using 192.3% CPU
Optimizing NNI: done in 0.0267946 secs using 174.8% CPU
Optimizing NNI: done in 0.0204436 secs using 179.5% CPU
Optimizing NNI: done in 0.0110391 secs using 245.8% CPU
Optimizing NNI: done in 0.0184142 secs using 154.4% CPU
Optimizing NNI: done in 0.0238397 secs using 184% CPU
Optimizing NNI: done in 0.0517494 secs using 196.8% CPU
Optimizing NNI: done in 0.0187161 secs using 207% CPU
Optimizing NNI: done in 0.012935 secs using 177.4% CPU
Optimizing NNI: done in 0.0127016 secs using 241.7% CPU
Optimizing NNI: done in 0.0465408 secs using 186.3% CPU
Optimizing NNI: done in 0.0363405 secs using 210.2% CPU
Optimizing NNI: done in 0.0264922 secs using 213.4% CPU
Optimizing NNI: done in 0.0412715 secs using 197% CPU
Optimizing NNI: done in 0.0191607 secs using 203.2% CPU
Optimizing NNI: done in 0.0423829 secs using 192% CPU
Optimizing NNI: done in 0.010766 secs using 192.8% CPU
Optimizing NNI: done in 0.0226309 secs using 188.2% CPU
Optimizing NNI: done in 0.0310865 secs using 196.5% CPU
Optimizing NNI: done in 0.0159397 secs using 225.4% CPU
Optimizing NNI: done in 0.0095119 secs using 204.9% CPU
Optimizing NNI: done in 0.024899 secs using 180.3% CPU
Optimizing NNI: done in 0.0129042 secs using 177.4% CPU
Optimizing NNI: done in 0.0174425 secs using 157.8% CPU
Optimizing NNI: done in 0.0139176 secs using 171.7% CPU
Optimizing NNI: done in 0.00668921 secs using 99.94% CPU
Optimizing NNI: done in 0.0121551 secs using 244.3% CPU
Optimizing NNI: done in 0.0187033 secs using 207.1% CPU
Optimizing NNI: done in 0.0169597 secs using 211.2% CPU
Optimizing NNI: done in 0.012703 secs using 178.7% CPU
Optimizing NNI: done in 0.0248371 secs using 220.8% CPU
Optimizing NNI: done in 0.014055 secs using 171.1% CPU
Optimizing NNI: done in 0.0246755 secs using 181% CPU
Optimizing NNI: done in 0.0369916 secs using 207.6% CPU
Optimizing NNI: done in 0.00720562 secs using 238.7% CPU
Optimizing NNI: done in 0.0153587 secs using 230.2% CPU
Optimizing NNI: done in 0.0254583 secs using 217.8% CPU
Optimizing NNI: done in 0.0123452 secs using 180.7% CPU
Optimizing NNI: done in 0.0234605 secs using 216.1% CPU
Optimizing NNI: done in 0.0278048 secs using 207.9% CPU
Optimizing NNI: done in 0.0182855 secs using 209.4% CPU
Optimizing NNI: done in 0.0246629 secs using 221.5% CPU
Optimizing NNI: done in 0.0294245 secs using 201.9% CPU
Optimizing NNI: done in 0.021024 secs using 195% CPU
Optimizing NNI: done in 0.0200342 secs using 150.5% CPU
Optimizing NNI: done in 0.0530717 secs using 194.1% CPU
Optimizing NNI: done in 0.0184258 secs using 208.4% CPU
Optimizing NNI: done in 0.0295725 secs using 201.4% CPU
700 samples done
Optimizing NNI: done in 0.0570626 secs using 205% CPU
Optimizing NNI: done in 0.0500037 secs using 199.8% CPU
Optimizing NNI: done in 0.0570144 secs using 187.5% CPU
Optimizing NNI: done in 0.0265752 secs using 212.6% CPU
Optimizing NNI: done in 0.0223791 secs using 189.2% CPU
Optimizing NNI: done in 0.0182228 secs using 209.6% CPU
Optimizing NNI: done in 0.0251176 secs using 179.4% CPU
Optimizing NNI: done in 0.0219734 secs using 190.8% CPU
Optimizing NNI: done in 0.032539 secs using 192.1% CPU
Optimizing NNI: done in 0.0142883 secs using 169.6% CPU
Optimizing NNI: done in 0.0615177 secs using 197.4% CPU
Optimizing NNI: done in 0.0300889 secs using 166.6% CPU
Optimizing NNI: done in 0.0222826 secs using 187.8% CPU
Optimizing NNI: done in 0.0436371 secs using 191.5% CPU
Optimizing NNI: done in 0.0205916 secs using 148.7% CPU
Optimizing NNI: done in 0.0374195 secs using 179.9% CPU
Optimizing NNI: done in 0.0371037 secs using 207.6% CPU
Optimizing NNI: done in 0.0244159 secs using 181.7% CPU
Optimizing NNI: done in 0.0163476 secs using 160.5% CPU
Optimizing NNI: done in 0.0328609 secs using 192.3% CPU
Optimizing NNI: done in 0.0337674 secs using 188.6% CPU
Optimizing NNI: done in 0.0255258 secs using 178.1% CPU
Optimizing NNI: done in 0.0210154 secs using 183.7% CPU
Optimizing NNI: done in 0.0384753 secs using 177.7% CPU
Optimizing NNI: done in 0.0144018 secs using 169.3% CPU
Optimizing NNI: done in 0.0214383 secs using 193% CPU
Optimizing NNI: done in 0.0206641 secs using 188.5% CPU
Optimizing NNI: done in 0.0228641 secs using 187.3% CPU
Optimizing NNI: done in 0.0239957 secs using 219.9% CPU
Optimizing NNI: done in 0.0157969 secs using 190.4% CPU
Optimizing NNI: done in 0.0167079 secs using 159.7% CPU
Optimizing NNI: done in 0.0748803 secs using 193.2% CPU
Optimizing NNI: done in 0.00579217 secs using 254.3% CPU
Optimizing NNI: done in 0.0197593 secs using 201% CPU
Optimizing NNI: done in 0.0141463 secs using 226.5% CPU
Optimizing NNI: done in 0.00844092 secs using 218.3% CPU
Optimizing NNI: done in 0.0307112 secs using 197.4% CPU
Optimizing NNI: done in 0.0125228 secs using 179.8% CPU
Optimizing NNI: done in 0.0353609 secs using 206.3% CPU
Optimizing NNI: done in 0.0188655 secs using 205.6% CPU
Optimizing NNI: done in 0.0110707 secs using 190.2% CPU
Optimizing NNI: done in 0.0312584 secs using 219.1% CPU
Optimizing NNI: done in 0.0102066 secs using 197.8% CPU
Optimizing NNI: done in 0.0323802 secs using 192.2% CPU
Optimizing NNI: done in 0.0227907 secs using 223.5% CPU
Optimizing NNI: done in 0.0182024 secs using 209.5% CPU
Optimizing NNI: done in 0.0202633 secs using 198.4% CPU
Optimizing NNI: done in 0.0231471 secs using 186.3% CPU
Optimizing NNI: done in 0.0149547 secs using 213.8% CPU
Optimizing NNI: done in 0.0135379 secs using 173.9% CPU
Optimizing NNI: done in 0.0131571 secs using 235.2% CPU
Optimizing NNI: done in 0.0271245 secs using 210.2% CPU
Optimizing NNI: done in 0.0270558 secs using 210.5% CPU
Optimizing NNI: done in 0.0178366 secs using 211.8% CPU
Optimizing NNI: done in 0.0205723 secs using 196.8% CPU
Optimizing NNI: done in 0.0318447 secs using 162.4% CPU
Optimizing NNI: done in 0.0103788 secs using 171.9% CPU
Optimizing NNI: done in 0.034089 secs using 209.7% CPU
Optimizing NNI: done in 0.0292797 secs using 202.1% CPU
Optimizing NNI: done in 0.010312 secs using 196.8% CPU
Optimizing NNI: done in 0.0342757 secs using 178.9% CPU
Optimizing NNI: done in 0.00894687 secs using 211.3% CPU
Optimizing NNI: done in 0.0199353 secs using 200% CPU
Optimizing NNI: done in 0.0154735 secs using 164.4% CPU
Optimizing NNI: done in 0.00973956 secs using 181% CPU
Optimizing NNI: done in 0.0138783 secs using 224.3% CPU
Optimizing NNI: done in 0.022554 secs using 188.4% CPU
Optimizing NNI: done in 0.0180126 secs using 203% CPU
Optimizing NNI: done in 0.00957725 secs using 204.3% CPU
Optimizing NNI: done in 0.0276504 secs using 204.2% CPU
Optimizing NNI: done in 0.00833553 secs using 219.8% CPU
Optimizing NNI: done in 0.0132595 secs using 175.2% CPU
Optimizing NNI: done in 0.015766 secs using 215% CPU
Optimizing NNI: done in 0.0156558 secs using 163.7% CPU
Optimizing NNI: done in 0.0103595 secs using 196.1% CPU
Optimizing NNI: done in 0.0132467 secs using 175.2% CPU
Optimizing NNI: done in 0.0129295 secs using 177.1% CPU
Optimizing NNI: done in 0.0218778 secs using 217.3% CPU
Optimizing NNI: done in 0.0247844 secs using 180.3% CPU
Optimizing NNI: done in 0.010878 secs using 251.1% CPU
Optimizing NNI: done in 0.00865627 secs using 99.73% CPU
Optimizing NNI: done in 0.0132975 secs using 174.8% CPU
Optimizing NNI: done in 0.0208406 secs using 195.6% CPU
Optimizing NNI: done in 0.0250284 secs using 217.4% CPU
Optimizing NNI: done in 0.0242471 secs using 182.1% CPU
Optimizing NNI: done in 0.0284056 secs using 198.6% CPU
Optimizing NNI: done in 0.00822826 secs using 211.2% CPU
Optimizing NNI: done in 0.0172946 secs using 215% CPU
Optimizing NNI: done in 0.0353055 secs using 212.9% CPU
Optimizing NNI: done in 0.0169048 secs using 217.9% CPU
Optimizing NNI: done in 0.0116311 secs using 185.7% CPU
Optimizing NNI: done in 0.0242408 secs using 223.3% CPU
Optimizing NNI: done in 0.0200938 secs using 199.2% CPU
Optimizing NNI: done in 0.0357456 secs using 183.5% CPU
Optimizing NNI: done in 0.00519787 secs using 210.9% CPU
Optimizing NNI: done in 0.0197133 secs using 201.3% CPU
Optimizing NNI: done in 0.0273348 secs using 202.9% CPU
Optimizing NNI: done in 0.0169065 secs using 217.9% CPU
Optimizing NNI: done in 0.00865727 secs using 215.2% CPU
Optimizing NNI: done in 0.0212854 secs using 193.4% CPU
800 samples done
Optimizing NNI: done in 0.0238235 secs using 183.6% CPU
Optimizing NNI: done in 0.0189995 secs using 192.4% CPU
Optimizing NNI: done in 0.0219962 secs using 183.8% CPU
Optimizing NNI: done in 0.0145635 secs using 208.1% CPU
Optimizing NNI: done in 0.0194314 secs using 202.5% CPU
Optimizing NNI: done in 0.0157412 secs using 226.6% CPU
Optimizing NNI: done in 0.0141862 secs using 170.2% CPU
Optimizing NNI: done in 0.0318079 secs using 193.9% CPU
Optimizing NNI: done in 0.0160742 secs using 207.2% CPU
Optimizing NNI: done in 0.0143493 secs using 169.4% CPU
Optimizing NNI: done in 0.0129893 secs using 149.6% CPU
Optimizing NNI: done in 0.0146848 secs using 167.6% CPU
Optimizing NNI: done in 0.0128845 secs using 171.3% CPU
Optimizing NNI: done in 0.0251569 secs using 204.5% CPU
Optimizing NNI: done in 0.00973697 secs using 202.4% CPU
Optimizing NNI: done in 0.0166895 secs using 219.5% CPU
Optimizing NNI: done in 0.0135054 secs using 214.3% CPU
Optimizing NNI: done in 0.00957873 secs using 203.8% CPU
Optimizing NNI: done in 0.0116135 secs using 185.7% CPU
Optimizing NNI: done in 0.0161597 secs using 161.5% CPU
Optimizing NNI: done in 0.00794945 secs using 173.5% CPU
Optimizing NNI: done in 0.017874 secs using 203.8% CPU
Optimizing NNI: done in 0.0253943 secs using 217.6% CPU
Optimizing NNI: done in 0.0249561 secs using 179.7% CPU
Optimizing NNI: done in 0.0155512 secs using 163.9% CPU
Optimizing NNI: done in 0.0204203 secs using 100.2% CPU
Optimizing NNI: done in 0.0260799 secs using 176.3% CPU
Optimizing NNI: done in 0.023114 secs using 186% CPU
Optimizing NNI: done in 0.0276336 secs using 202.2% CPU
Optimizing NNI: done in 0.0318978 secs using 219.4% CPU
Optimizing NNI: done in 0.0221602 secs using 189.8% CPU
Optimizing NNI: done in 0.033548 secs using 213% CPU
Optimizing NNI: done in 0.0149177 secs using 233.5% CPU
Optimizing NNI: done in 0.0193406 secs using 202.9% CPU
Optimizing NNI: done in 0.0203413 secs using 197.8% CPU
Optimizing NNI: done in 0.0168777 secs using 218% CPU
Optimizing NNI: done in 0.0219991 secs using 190.6% CPU
Optimizing NNI: done in 0.0288207 secs using 169% CPU
Optimizing NNI: done in 0.014721 secs using 167.5% CPU
Optimizing NNI: done in 0.00979072 secs using 182.5% CPU
Optimizing NNI: done in 0.0252058 secs using 206.7% CPU
Optimizing NNI: done in 0.00974619 secs using 202.3% CPU
Optimizing NNI: done in 0.0133132 secs using 243.9% CPU
Optimizing NNI: done in 0.0284078 secs using 169.6% CPU
Optimizing NNI: done in 0.0102215 secs using 197.3% CPU
Optimizing NNI: done in 0.0222404 secs using 189.4% CPU
Optimizing NNI: done in 0.0194852 secs using 202.1% CPU
Optimizing NNI: done in 0.0294726 secs using 200.8% CPU
Optimizing NNI: done in 0.0224566 secs using 144.2% CPU
Optimizing NNI: done in 0.0285573 secs using 169.4% CPU
Optimizing NNI: done in 0.0257987 secs using 203% CPU
Optimizing NNI: done in 0.0270018 secs using 210.5% CPU
Optimizing NNI: done in 0.0396405 secs using 200.3% CPU
Optimizing NNI: done in 0.0248355 secs using 180% CPU
Optimizing NNI: done in 0.00918854 secs using 171.9% CPU
Optimizing NNI: done in 0.0149123 secs using 214.6% CPU
Optimizing NNI: done in 0.00957554 secs using 204% CPU
Optimizing NNI: done in 0.00957163 secs using 204.1% CPU
Optimizing NNI: done in 0.0177611 secs using 212.1% CPU
Optimizing NNI: done in 0.0139149 secs using 171.5% CPU
Optimizing NNI: done in 0.0487992 secs using 201.6% CPU
Optimizing NNI: done in 0.0146997 secs using 167.7% CPU
Optimizing NNI: done in 0.0278101 secs using 135.4% CPU
Optimizing NNI: done in 0.0163065 secs using 195.3% CPU
Optimizing NNI: done in 0.0212966 secs using 188.8% CPU
Optimizing NNI: done in 0.0212376 secs using 180.2% CPU
Optimizing NNI: done in 0.0236892 secs using 183.9% CPU
Optimizing NNI: done in 0.0150285 secs using 166.2% CPU
Optimizing NNI: done in 0.0103942 secs using 158.2% CPU
Optimizing NNI: done in 0.0113375 secs using 188% CPU
Optimizing NNI: done in 0.023168 secs using 185.8% CPU
Optimizing NNI: done in 0.0301227 secs using 199% CPU
Optimizing NNI: done in 0.0127035 secs using 178.4% CPU
Optimizing NNI: done in 0.0246187 secs using 210.8% CPU
Optimizing NNI: done in 0.0169663 secs using 158.6% CPU
Optimizing NNI: done in 0.0150243 secs using 166.1% CPU
Optimizing NNI: done in 0.00978414 secs using 196.6% CPU
Optimizing NNI: done in 0.0146644 secs using 233.3% CPU
Optimizing NNI: done in 0.0168946 secs using 158.7% CPU
Optimizing NNI: done in 0.0104216 secs using 181.5% CPU
Optimizing NNI: done in 0.00822976 secs using 189.7% CPU
Optimizing NNI: done in 0.0177113 secs using 207.4% CPU
Optimizing NNI: done in 0.00957287 secs using 203.9% CPU
Optimizing NNI: done in 0.019643 secs using 201% CPU
Optimizing NNI: done in 0.00809643 secs using 222.8% CPU
Optimizing NNI: done in 0.0177599 secs using 155.7% CPU
Optimizing NNI: done in 0.0245595 secs using 207.9% CPU
Optimizing NNI: done in 0.0169111 secs using 217.6% CPU
Optimizing NNI: done in 0.0392591 secs using 201% CPU
Optimizing NNI: done in 0.020666 secs using 195.9% CPU
Optimizing NNI: done in 0.00883254 secs using 212.5% CPU
Optimizing NNI: done in 0.0143902 secs using 168.9% CPU
Optimizing NNI: done in 0.014723 secs using 167.1% CPU
Optimizing NNI: done in 0.0133535 secs using 230% CPU
Optimizing NNI: done in 0.00995228 secs using 152.7% CPU
Optimizing NNI: done in 0.0167334 secs using 194.1% CPU
Optimizing NNI: done in 0.0269827 secs using 173.5% CPU
Optimizing NNI: done in 0.00749084 secs using 99.49% CPU
Optimizing NNI: done in 0.0188398 secs using 184.4% CPU
Optimizing NNI: done in 0.013424 secs using 235.2% CPU
900 samples done
Optimizing NNI: done in 0.020047 secs using 198.9% CPU
Optimizing NNI: done in 0.0180123 secs using 154.9% CPU
Optimizing NNI: done in 0.0167997 secs using 158.8% CPU
Optimizing NNI: done in 0.0130163 secs using 176.1% CPU
Optimizing NNI: done in 0.0181312 secs using 209.5% CPU
Optimizing NNI: done in 0.00896949 secs using 99.49% CPU
Optimizing NNI: done in 0.0210822 secs using 176.8% CPU
Optimizing NNI: done in 0.0122809 secs using 229.2% CPU
Optimizing NNI: done in 0.0151865 secs using 165.1% CPU
Optimizing NNI: done in 0.0136439 secs using 235.6% CPU
Optimizing NNI: done in 0.00998695 secs using 199% CPU
Optimizing NNI: done in 0.0139907 secs using 170.8% CPU
Optimizing NNI: done in 0.00922893 secs using 207.9% CPU
Optimizing NNI: done in 0.0212518 secs using 193.3% CPU
Optimizing NNI: done in 0.0117096 secs using 184.9% CPU
Optimizing NNI: done in 0.0215675 secs using 187.1% CPU
Optimizing NNI: done in 0.0170067 secs using 197.5% CPU
Optimizing NNI: done in 0.0105141 secs using 188.3% CPU
Optimizing NNI: done in 0.0212846 secs using 187% CPU
Optimizing NNI: done in 0.0155036 secs using 213.9% CPU
Optimizing NNI: done in 0.0157097 secs using 163% CPU
Optimizing NNI: done in 0.0168546 secs using 158.6% CPU
Optimizing NNI: done in 0.00817724 secs using 191.5% CPU
Optimizing NNI: done in 0.0182336 secs using 151.6% CPU
Optimizing NNI: done in 0.0142445 secs using 169.5% CPU
Optimizing NNI: done in 0.0265657 secs using 198.7% CPU
Optimizing NNI: done in 0.031275 secs using 194.1% CPU
Optimizing NNI: done in 0.0149849 secs using 219.5% CPU
Optimizing NNI: done in 0.0202094 secs using 198.1% CPU
Optimizing NNI: done in 0.017511 secs using 213.3% CPU
Optimizing NNI: done in 0.0142469 secs using 169.5% CPU
Optimizing NNI: done in 0.0198751 secs using 198.2% CPU
Optimizing NNI: done in 0.0244486 secs using 218.5% CPU
Optimizing NNI: done in 0.017602 secs using 156.2% CPU
Optimizing NNI: done in 0.016187 secs using 201% CPU
Optimizing NNI: done in 0.0202435 secs using 198% CPU
Optimizing NNI: done in 0.0237379 secs using 182.9% CPU
Optimizing NNI: done in 0.0167486 secs using 136.7% CPU
Optimizing NNI: done in 0.00931176 secs using 190.3% CPU
Optimizing NNI: done in 0.0136118 secs using 168.6% CPU
Optimizing NNI: done in 0.0155703 secs using 205.6% CPU
Optimizing NNI: done in 0.0206629 secs using 196.1% CPU
Optimizing NNI: done in 0.0094586 secs using 178.2% CPU
Optimizing NNI: done in 0.0152771 secs using 211.1% CPU
Optimizing NNI: done in 0.0103327 secs using 196.1% CPU
Optimizing NNI: done in 0.00987329 secs using 192% CPU
Optimizing NNI: done in 0.0124353 secs using 168.2% CPU
Optimizing NNI: done in 0.024246 secs using 207.6% CPU
Optimizing NNI: done in 0.0183252 secs using 208.3% CPU
Optimizing NNI: done in 0.0117519 secs using 184.5% CPU
Optimizing NNI: done in 0.0150573 secs using 231.9% CPU
Optimizing NNI: done in 0.0152446 secs using 165% CPU
Optimizing NNI: done in 0.0243875 secs using 204.1% CPU
Optimizing NNI: done in 0.0314845 secs using 194.2% CPU
Optimizing NNI: done in 0.010022 secs using 192.3% CPU
Optimizing NNI: done in 0.0164811 secs using 214% CPU
Optimizing NNI: done in 0.00852512 secs using 216.5% CPU
Optimizing NNI: done in 0.0138196 secs using 171.6% CPU
Optimizing NNI: done in 0.00992411 secs using 200.2% CPU
Optimizing NNI: done in 0.0193754 secs using 202.4% CPU
Optimizing NNI: done in 0.0456043 secs using 165.1% CPU
Optimizing NNI: done in 0.0224171 secs using 215.7% CPU
Optimizing NNI: done in 0.0103898 secs using 195.5% CPU
Optimizing NNI: done in 0.0119297 secs using 183.2% CPU
Optimizing NNI: done in 0.013019 secs using 176.2% CPU
Optimizing NNI: done in 0.0150186 secs using 212.2% CPU
Optimizing NNI: done in 0.0347976 secs using 185.3% CPU
Optimizing NNI: done in 0.0206203 secs using 179.7% CPU
Optimizing NNI: done in 0.0267626 secs using 157.7% CPU
Optimizing NNI: done in 0.0139258 secs using 236.1% CPU
Optimizing NNI: done in 0.0209403 secs using 194.3% CPU
Optimizing NNI: done in 0.022377 secs using 188.5% CPU
Optimizing NNI: done in 0.0203669 secs using 197.4% CPU
Optimizing NNI: done in 0.0171306 secs using 209.2% CPU
Optimizing NNI: done in 0.0142204 secs using 169.7% CPU
Optimizing NNI: done in 0.0155475 secs using 208.4% CPU
Optimizing NNI: done in 0.0139631 secs using 171.1% CPU
Optimizing NNI: done in 0.0142012 secs using 222.7% CPU
Optimizing NNI: done in 0.021066 secs using 194.1% CPU
Optimizing NNI: done in 0.0187243 secs using 206% CPU
Optimizing NNI: done in 0.0221224 secs using 189.6% CPU
Optimizing NNI: done in 0.0306849 secs using 196.8% CPU
Optimizing NNI: done in 0.0266861 secs using 174.1% CPU
Optimizing NNI: done in 0.0133195 secs using 174.2% CPU
Optimizing NNI: done in 0.0110818 secs using 189.7% CPU
Optimizing NNI: done in 0.0158595 secs using 221.7% CPU
Optimizing NNI: done in 0.010063 secs using 198.7% CPU
Optimizing NNI: done in 0.0121699 secs using 181.6% CPU
Optimizing NNI: done in 0.0182101 secs using 205.9% CPU
Optimizing NNI: done in 0.0096551 secs using 201.9% CPU
Optimizing NNI: done in 0.0298805 secs using 199.5% CPU
Optimizing NNI: done in 0.0313073 secs using 194.3% CPU
Optimizing NNI: done in 0.03101 secs using 190.2% CPU
Optimizing NNI: done in 0.0209161 secs using 194.6% CPU
Optimizing NNI: done in 0.0282976 secs using 205% CPU
Optimizing NNI: done in 0.0113968 secs using 187% CPU
Optimizing NNI: done in 0.0148632 secs using 166.7% CPU
Optimizing NNI: done in 0.02319 secs using 185.3% CPU
Optimizing NNI: done in 0.0131493 secs using 175.4% CPU
Optimizing NNI: done in 0.0159996 secs using 218.6% CPU
1000 samples done
Total 990 ufboot trees refined
TREE SEARCH COMPLETED AFTER 118 ITERATIONS / Time: 0h:5m:10s

--------------------------------------------------------------------
|                    FINALIZING TREE SEARCH                        |
--------------------------------------------------------------------
Performs final model parameters optimization
Estimate model parameters (epsilon = 0.010)
1. Initial log-likelihood: -1874.591
Optimal log-likelihood: -1874.591
Gamma shape alpha: 1.115
Parameters optimization took 1 rounds (0.011 sec)
BEST SCORE FOUND : -1874.591

Testing tree branches by SH-like aLRT with 1000 replicates...
0.031 sec.
Creating bootstrap support values...
Split supports printed to NEXUS file Khalturin2022.WoGaps.Subsampled.fasta.splits.nex
Total tree length: 9.298

Total number of iterations: 118
CPU time used for tree search: 101.791 sec (0h:1m:41s)
Wall-clock time used for tree search: 54.032 sec (0h:0m:54s)
Total CPU time used: 613.190 sec (0h:10m:13s)
Total wall-clock time used: 311.034 sec (0h:5m:11s)
UFBoot trees printed to Khalturin2022.WoGaps.Subsampled.fasta.ufboot

Computing bootstrap consensus tree...
Reading input file Khalturin2022.WoGaps.Subsampled.fasta.splits.nex...
30 taxa and 1146 splits.
Consensus tree written to Khalturin2022.WoGaps.Subsampled.fasta.contree
Reading input trees file Khalturin2022.WoGaps.Subsampled.fasta.contree
Log-likelihood of consensus tree: -1874.591

Analysis results written to: 
  IQ-TREE report:                Khalturin2022.WoGaps.Subsampled.fasta.iqtree
  Maximum-likelihood tree:       Khalturin2022.WoGaps.Subsampled.fasta.treefile
  Likelihood distances:          Khalturin2022.WoGaps.Subsampled.fasta.mldist

Ultrafast bootstrap approximation results written to:
  Split support values:          Khalturin2022.WoGaps.Subsampled.fasta.splits.nex
  Consensus tree:                Khalturin2022.WoGaps.Subsampled.fasta.contree
  UFBoot trees:                  Khalturin2022.WoGaps.Subsampled.fasta.ufboot
  Screen log file:               Khalturin2022.WoGaps.Subsampled.fasta.log

Date and Time: Sun Apr  6 14:23:09 2025
