IQ-TREE version 3.0.0 for Linux x86 64-bit built Apr  8 2025
Developed by Bui Quang Minh, Thomas Wong, Nhan Ly-Trong, Huaiyan Ren
Contributed by Lam-Tung Nguyen, Dominik Schrempf, Chris Bielow,
Olga Chernomor, Michael Woodhams, Diep Thi Hoang, Heiko Schmidt

Host:    Hiroaki (AVX2, FMA3, 15 GB RAM)
Command: ../../iqtree3ForkBuild/build/iqtree3 -s Sorensen2006.H3.Aligned.NT.Subsampled.fas -st CODON -m MIX+MFP -mrate-twice 1 -B 1000 -bnni -alrt 1000 -T AUTO --redo
Seed:    626737 (Using SPRNG - Scalable Parallel Random Number Generator)
Time:    Fri Apr 11 15:45:20 2025
Kernel:  AVX+FMA - auto-detect threads (8 CPU cores detected)

Reading alignment file Sorensen2006.H3.Aligned.NT.Subsampled.fas ... Fasta format detected
Warning: Line 22: '!' was found in the alignment, which will be interpreted as a gap
Warning: Line 24: '!' was found in the alignment, which will be interpreted as a gap
Reading fasta file: done in 0.00117531 secs using 5.616% CPU
Alignment most likely contains DNA/RNA sequences
Converting to codon sequences with genetic code  ...
WARNING: Sequence Tenuignathia_rikerae_DQ079989 has ambiguous character !CT at site 10
WARNING: Sequence Rastrognathia_macrostoma_DQ079988 has ambiguous character ACY at site 10
WARNING: Sequence Labidognathia_longicollis_AY218157 has ambiguous character AAR at site 19
WARNING: Sequence Haplognathia_gubbarnorum_DQ079983 has ambiguous character !!G at site 25
WARNING: Sequence Labidognathia_longicollis_AY218157 has ambiguous character GCN at site 49
Constructing alignment: done in 0.00143614 secs using 24.93% CPU
Alignment has 16 sequences with 17 columns, 17 distinct patterns
16 parsimony-informative, 1 singleton sites, 0 constant sites
                                     Gap/Ambiguity  Composition  p-value
Analyzing sequences: done in 2.7914e-05 secs using 89.56% CPU
   1  Austrognathia_christianae_DQ079978     0.00%    passed     99.82%
   2  Austrognathia_sp__MVS_2005_DQ079979    0.00%    passed     96.45%
   3  Valvognathia_pogonostoma_DQ079990      0.00%    passed    100.00%
   4  Cosmognathia_arcus_DQ079980            0.00%    passed     98.83%
   5  Gnathostomula_armata_AY218158          0.00%    passed    100.00%
   6  Problognathia_minima_DQ079987          0.00%    passed     99.96%
   7  Gnathostomula_mediterranea_DQ079981    0.00%    passed    100.00%
   8  Gnathostomula_peregrina_DQ079982       0.00%    passed    100.00%
   9  Haplognathia_rosea_DQ079984            0.00%    passed     99.94%
  10  Haplognathia_ruberrima_AY218156        0.00%    passed    100.00%
  11  Haplognathia_gubbarnorum_DQ079983     52.94%    passed    100.00%
  12  Tenuignathia_rikerae_DQ079989         23.53%    passed    100.00%
  13  Mesognatharia_remanei_DQ079986         0.00%    passed     99.69%
  14  Labidognathia_longicollis_AY218157    11.76%    passed    100.00%
  15  Rastrognathia_macrostoma_DQ079988      5.88%    passed     99.05%
  16  Haplognathia_simplex_DQ079985         11.76%    passed    100.00%
WARNING: 1 sequences contain more than 50% gaps/ambiguity
****  TOTAL                                  6.62%  0 sequences failed composition chi2 test (p-value<5%; df=60)
Checking for duplicate sequences: done in 0.000209709 secs using 71.53% CPU
--------------------------------------------------------------------
|                Optimizing Q-mixture model                        |
--------------------------------------------------------------------

Creating fast initial parsimony tree by random order stepwise addition...
0.022 seconds, parsimony score: 73 (based on 17 sites)
Measuring multi-threading efficiency up to 8 CPU cores
Increase to 10 rounds for branch lengths
102 trees examined
Threads: 1 / Time: 8.037 sec / Speedup: 1.000 / Efficiency: 100% / LogL: -515
Threads: 2 / Time: 7.023 sec / Speedup: 1.144 / Efficiency: 57% / LogL: -515
WARNING: 3 threads for alignment length 17 will slow down analysis
Threads: 3 / Time: 8.394 sec / Speedup: 0.957 / Efficiency: 32% / LogL: -515
Determining AUTO threadcount: done in 23.4563 secs using 157.5% CPU
BEST NUMBER OF THREADS: 2

Perform fast likelihood tree search using GY+F3X4+G model...
Estimate model parameters (epsilon = 5.000)
Perform nearest neighbor interchange...
Optimizing NNI: done in 1.02054 secs using 199.6% CPU
Estimate model parameters (epsilon = 1.000)
1. Initial log-likelihood: -348.053
2. Current log-likelihood: -346.868
Optimal log-likelihood: -346.867
Nonsynonymous/synonymous ratio (omega): 0.014
Transition/transversion ratio (kappa): 0.907
Gamma shape alpha: 1.427
Parameters optimization took 2 rounds (0.675 sec)
Time for fast ML tree search: 2.818 seconds

NOTE: ModelFinder requires 6 MB RAM!
ModelFinder will test up to 132 codon models (sample size: 17 epsilon: 0.100) ...
 No. Model         -LnL         df  AIC          AICc         BIC
  1  GY+F1X4       347.487      34  762.973      3142.973     791.302
  2  GY+F1X4+G4    344.293      35  758.585      3278.585     787.748
  3  GY+F1X4+R2    344.225      36  760.451      3424.451     790.446
  4  GY+F1X4+R3    343.820      38  763.641      3727.641     795.303
 12  GY+F3X4       350.041      40  780.081      4060.081     813.410
 13  GY+F3X4+G4    344.081      41  770.163      4214.163     804.324
 14  GY+F3X4+R2    345.050      42  774.100      4386.100     809.095
 15  GY+F3X4+R3    340.594      44  769.188      4729.188     805.849
 23  MGK+F1X4      342.977      34  753.954      3133.954     782.283
 24  MGK+F1X4+G4   342.062      35  754.124      3274.124     783.286
 25  MGK+F1X4+R2   340.474      36  752.949      3416.949     782.944
 26  MGK+F1X4+R3   340.471      38  756.941      3720.941     788.604
 34  MGK+F3X4      337.861      40  755.721      4035.721     789.050
 35  MGK+F3X4+G4   337.258      41  756.517      4200.517     790.678
 36  MGK+F3X4+R2   336.335      42  756.669      4368.669     791.664
 37  MGK+F3X4+R3   333.539      44  755.078      4715.078     791.740
 45  MG+F1X4       343.038      33  752.077      2996.077     779.573
 46  MG+F1X4+G4    342.081      34  752.163      3132.163     780.492
 47  MG+F1X4+R2    340.550      35  751.099      3271.099     780.262
 48  MG+F1X4+R3    340.363      37  754.726      3566.726     785.555
 56  MG+F3X4       337.881      39  753.763      3873.763     786.258
 57  MG+F3X4+G4    337.259      40  754.518      4034.518     787.846
 58  MG+F3X4+R2    336.336      41  754.672      4198.672     788.834
 59  MG+F3X4+R3    333.465      43  752.930      4536.930     788.759
 67  KOSI07+FU     330.816      29  719.631      2459.631     743.794
 68  KOSI07+FU+G4  330.457      30  720.915      2580.915     745.911
 69  KOSI07+FU+R2  329.679      31  721.358      2705.358     747.187
 70  KOSI07+FU+R3  329.512      33  725.024      2969.024     752.520
 78  KOSI07+F1X4   342.494      32  748.988      2860.988     775.651
 79  KOSI07+F1X4+G4 339.011      33  744.022      2988.022     771.518
 80  KOSI07+F1X4+R2 338.423      34  744.845      3124.845     773.174
 81  KOSI07+F1X4+R3 337.153      36  746.307      3410.307     776.302
 89  KOSI07+F3X4   343.619      38  763.239      3727.239     794.901
 90  KOSI07+F3X4+G4 338.771      39  755.543      3875.543     788.038
 91  KOSI07+F3X4+R2 338.557      40  757.114      4037.114     790.443
 92  KOSI07+F3X4+R3 337.588      42  759.175      4371.175     794.170
100  SCHN05+FU     334.608      29  727.215      2467.215     751.378
101  SCHN05+FU+G4  334.213      30  728.426      2588.426     753.422
102  SCHN05+FU+R2  333.518      31  729.036      2713.036     754.865
103  SCHN05+FU+R3  333.476      33  732.953      2976.953     760.449
111  SCHN05+F1X4   344.346      32  752.693      2864.693     779.356
112  SCHN05+F1X4+G4 339.598      33  745.196      2989.196     772.692
113  SCHN05+F1X4+R2 338.927      34  745.855      3125.855     774.184
114  SCHN05+F1X4+R3 338.007      36  748.013      3412.013     778.009
122  SCHN05+F3X4   344.603      38  765.205      3729.205     796.867
123  SCHN05+F3X4+G4 338.912      39  755.825      3875.825     788.320
124  SCHN05+F3X4+R2 339.353      40  758.707      4038.707     792.035
125  SCHN05+F3X4+R3 336.157      42  756.314      4368.314     791.309
Akaike Information Criterion:           KOSI07+FU
Corrected Akaike Information Criterion: KOSI07+FU
Bayesian Information Criterion:         KOSI07+FU
Best-fit model: KOSI07+FU chosen according to BIC

All model information printed to Sorensen2006.H3.Aligned.NT.Subsampled.fas.model.gz
CPU time for ModelFinder: 91.205 seconds (0h:1m:31s)
Wall-clock time for ModelFinder: 50.990 seconds (0h:0m:50s)

Model: KOSI07+FU; df: 29; loglike: -330.816; BIC score: 743.794

Keep adding an additional class until there is no better BIC value

NOTE: MixtureFinder 2-class models requires 6 MB RAM!
ModelFinder will test up to 12 codon models (sample size: 17 epsilon: 0.100) ...
 No. Model         -LnL         df  AIC          AICc         BIC
ERROR: Frequency mixture name not found U
